2026-04-15 13:00:01 | ERROR    | __main__ | update_price:159 | Ошибка при обновлении прайса: Cannot connect to host api.telegram.org:443 ssl:True [SSLCertVerificationError: (1, '[SSL: CERTIFICATE_VERIFY_FAILED] certificate verify failed: self-signed certificate in certificate chain (_ssl.c:1000)')]
Traceback (most recent call last):
  File "/Users/shavlak/Library/Python/3.12/lib/python/site-packages/aiohttp/connector.py", line 992, in _wrap_create_connection
    return await self._loop.create_connection(*args, **kwargs)
           ^^^^^^^^^^^^^^^^^^^^^^^^^^^^^^^^^^^^^^^^^^^^^^^^^^^
  File "/Library/Frameworks/Python.framework/Versions/3.12/lib/python3.12/asyncio/base_events.py", line 1126, in create_connection
    transport, protocol = await self._create_connection_transport(
                          ^^^^^^^^^^^^^^^^^^^^^^^^^^^^^^^^^^^^^^^^
  File "/Library/Frameworks/Python.framework/Versions/3.12/lib/python3.12/asyncio/base_events.py", line 1159, in _create_connection_transport
    await waiter
  File "/Library/Frameworks/Python.framework/Versions/3.12/lib/python3.12/asyncio/sslproto.py", line 575, in _on_handshake_complete
    raise handshake_exc
  File "/Library/Frameworks/Python.framework/Versions/3.12/lib/python3.12/asyncio/sslproto.py", line 557, in _do_handshake
    self._sslobj.do_handshake()
  File "/Library/Frameworks/Python.framework/Versions/3.12/lib/python3.12/ssl.py", line 917, in do_handshake
    self._sslobj.do_handshake()
ssl.SSLCertVerificationError: [SSL: CERTIFICATE_VERIFY_FAILED] certificate verify failed: self-signed certificate in certificate chain (_ssl.c:1000)

The above exception was the direct cause of the following exception:

Traceback (most recent call last):
  File "/Users/shavlak/Desktop/Project/price-updater/main.py", line 152, in update_price
    self.message_id = await self.publisher.send_price_list(prices)
                      ^^^^^^^^^^^^^^^^^^^^^^^^^^^^^^^^^^^^^^^^^^^^
  File "/Users/shavlak/Desktop/Project/price-updater/telegram_channel.py", line 35, in send_price_list
    async with session.post(url, json=data) as response:
  File "/Users/shavlak/Library/Python/3.12/lib/python/site-packages/aiohttp/client.py", line 1187, in __aenter__
    self._resp = await self._coro
                 ^^^^^^^^^^^^^^^^
  File "/Users/shavlak/Library/Python/3.12/lib/python/site-packages/aiohttp/client.py", line 574, in _request
    conn = await self._connector.connect(
           ^^^^^^^^^^^^^^^^^^^^^^^^^^^^^^
  File "/Users/shavlak/Library/Python/3.12/lib/python/site-packages/aiohttp/connector.py", line 544, in connect
    proto = await self._create_connection(req, traces, timeout)
            ^^^^^^^^^^^^^^^^^^^^^^^^^^^^^^^^^^^^^^^^^^^^^^^^^^^
  File "/Users/shavlak/Library/Python/3.12/lib/python/site-packages/aiohttp/connector.py", line 911, in _create_connection
    _, proto = await self._create_direct_connection(req, traces, timeout)
               ^^^^^^^^^^^^^^^^^^^^^^^^^^^^^^^^^^^^^^^^^^^^^^^^^^^^^^^^^^
  File "/Users/shavlak/Library/Python/3.12/lib/python/site-packages/aiohttp/connector.py", line 1235, in _create_direct_connection
    raise last_exc
  File "/Users/shavlak/Library/Python/3.12/lib/python/site-packages/aiohttp/connector.py", line 1204, in _create_direct_connection
    transp, proto = await self._wrap_create_connection(
                    ^^^^^^^^^^^^^^^^^^^^^^^^^^^^^^^^^^^
  File "/Users/shavlak/Library/Python/3.12/lib/python/site-packages/aiohttp/connector.py", line 994, in _wrap_create_connection
    raise ClientConnectorCertificateError(req.connection_key, exc) from exc
aiohttp.client_exceptions.ClientConnectorCertificateError: Cannot connect to host api.telegram.org:443 ssl:True [SSLCertVerificationError: (1, '[SSL: CERTIFICATE_VERIFY_FAILED] certificate verify failed: self-signed certificate in certificate chain (_ssl.c:1000)')]
2026-04-15 14:00:01 | ERROR    | __main__ | update_price:159 | Ошибка при обновлении прайса: Cannot connect to host api.telegram.org:443 ssl:True [SSLCertVerificationError: (1, '[SSL: CERTIFICATE_VERIFY_FAILED] certificate verify failed: self-signed certificate in certificate chain (_ssl.c:1000)')]
Traceback (most recent call last):
  File "/Users/shavlak/Library/Python/3.12/lib/python/site-packages/aiohttp/connector.py", line 992, in _wrap_create_connection
    return await self._loop.create_connection(*args, **kwargs)
           ^^^^^^^^^^^^^^^^^^^^^^^^^^^^^^^^^^^^^^^^^^^^^^^^^^^
  File "/Library/Frameworks/Python.framework/Versions/3.12/lib/python3.12/asyncio/base_events.py", line 1126, in create_connection
    transport, protocol = await self._create_connection_transport(
                          ^^^^^^^^^^^^^^^^^^^^^^^^^^^^^^^^^^^^^^^^
  File "/Library/Frameworks/Python.framework/Versions/3.12/lib/python3.12/asyncio/base_events.py", line 1159, in _create_connection_transport
    await waiter
  File "/Library/Frameworks/Python.framework/Versions/3.12/lib/python3.12/asyncio/sslproto.py", line 575, in _on_handshake_complete
    raise handshake_exc
  File "/Library/Frameworks/Python.framework/Versions/3.12/lib/python3.12/asyncio/sslproto.py", line 557, in _do_handshake
    self._sslobj.do_handshake()
  File "/Library/Frameworks/Python.framework/Versions/3.12/lib/python3.12/ssl.py", line 917, in do_handshake
    self._sslobj.do_handshake()
ssl.SSLCertVerificationError: [SSL: CERTIFICATE_VERIFY_FAILED] certificate verify failed: self-signed certificate in certificate chain (_ssl.c:1000)

The above exception was the direct cause of the following exception:

Traceback (most recent call last):
  File "/Users/shavlak/Desktop/Project/price-updater/main.py", line 152, in update_price
    self.message_id = await self.publisher.send_price_list(prices)
                      ^^^^^^^^^^^^^^^^^^^^^^^^^^^^^^^^^^^^^^^^^^^^
  File "/Users/shavlak/Desktop/Project/price-updater/telegram_channel.py", line 35, in send_price_list
    async with session.post(url, json=data) as response:
  File "/Users/shavlak/Library/Python/3.12/lib/python/site-packages/aiohttp/client.py", line 1187, in __aenter__
    self._resp = await self._coro
                 ^^^^^^^^^^^^^^^^
  File "/Users/shavlak/Library/Python/3.12/lib/python/site-packages/aiohttp/client.py", line 574, in _request
    conn = await self._connector.connect(
           ^^^^^^^^^^^^^^^^^^^^^^^^^^^^^^
  File "/Users/shavlak/Library/Python/3.12/lib/python/site-packages/aiohttp/connector.py", line 544, in connect
    proto = await self._create_connection(req, traces, timeout)
            ^^^^^^^^^^^^^^^^^^^^^^^^^^^^^^^^^^^^^^^^^^^^^^^^^^^
  File "/Users/shavlak/Library/Python/3.12/lib/python/site-packages/aiohttp/connector.py", line 911, in _create_connection
    _, proto = await self._create_direct_connection(req, traces, timeout)
               ^^^^^^^^^^^^^^^^^^^^^^^^^^^^^^^^^^^^^^^^^^^^^^^^^^^^^^^^^^
  File "/Users/shavlak/Library/Python/3.12/lib/python/site-packages/aiohttp/connector.py", line 1235, in _create_direct_connection
    raise last_exc
  File "/Users/shavlak/Library/Python/3.12/lib/python/site-packages/aiohttp/connector.py", line 1204, in _create_direct_connection
    transp, proto = await self._wrap_create_connection(
                    ^^^^^^^^^^^^^^^^^^^^^^^^^^^^^^^^^^^
  File "/Users/shavlak/Library/Python/3.12/lib/python/site-packages/aiohttp/connector.py", line 994, in _wrap_create_connection
    raise ClientConnectorCertificateError(req.connection_key, exc) from exc
aiohttp.client_exceptions.ClientConnectorCertificateError: Cannot connect to host api.telegram.org:443 ssl:True [SSLCertVerificationError: (1, '[SSL: CERTIFICATE_VERIFY_FAILED] certificate verify failed: self-signed certificate in certificate chain (_ssl.c:1000)')]
2026-04-15 16:00:01 | ERROR    | __main__ | update_price:159 | Ошибка при обновлении прайса: Cannot connect to host api.telegram.org:443 ssl:True [SSLCertVerificationError: (1, '[SSL: CERTIFICATE_VERIFY_FAILED] certificate verify failed: self-signed certificate in certificate chain (_ssl.c:1000)')]
Traceback (most recent call last):
  File "/Users/shavlak/Library/Python/3.12/lib/python/site-packages/aiohttp/connector.py", line 992, in _wrap_create_connection
    return await self._loop.create_connection(*args, **kwargs)
           ^^^^^^^^^^^^^^^^^^^^^^^^^^^^^^^^^^^^^^^^^^^^^^^^^^^
  File "/Library/Frameworks/Python.framework/Versions/3.12/lib/python3.12/asyncio/base_events.py", line 1126, in create_connection
    transport, protocol = await self._create_connection_transport(
                          ^^^^^^^^^^^^^^^^^^^^^^^^^^^^^^^^^^^^^^^^
  File "/Library/Frameworks/Python.framework/Versions/3.12/lib/python3.12/asyncio/base_events.py", line 1159, in _create_connection_transport
    await waiter
  File "/Library/Frameworks/Python.framework/Versions/3.12/lib/python3.12/asyncio/sslproto.py", line 575, in _on_handshake_complete
    raise handshake_exc
  File "/Library/Frameworks/Python.framework/Versions/3.12/lib/python3.12/asyncio/sslproto.py", line 557, in _do_handshake
    self._sslobj.do_handshake()
  File "/Library/Frameworks/Python.framework/Versions/3.12/lib/python3.12/ssl.py", line 917, in do_handshake
    self._sslobj.do_handshake()
ssl.SSLCertVerificationError: [SSL: CERTIFICATE_VERIFY_FAILED] certificate verify failed: self-signed certificate in certificate chain (_ssl.c:1000)

The above exception was the direct cause of the following exception:

Traceback (most recent call last):
  File "/Users/shavlak/Desktop/Project/price-updater/main.py", line 152, in update_price
    self.message_id = await self.publisher.send_price_list(prices)
                      ^^^^^^^^^^^^^^^^^^^^^^^^^^^^^^^^^^^^^^^^^^^^
  File "/Users/shavlak/Desktop/Project/price-updater/telegram_channel.py", line 35, in send_price_list
    async with session.post(url, json=data) as response:
  File "/Users/shavlak/Library/Python/3.12/lib/python/site-packages/aiohttp/client.py", line 1187, in __aenter__
    self._resp = await self._coro
                 ^^^^^^^^^^^^^^^^
  File "/Users/shavlak/Library/Python/3.12/lib/python/site-packages/aiohttp/client.py", line 574, in _request
    conn = await self._connector.connect(
           ^^^^^^^^^^^^^^^^^^^^^^^^^^^^^^
  File "/Users/shavlak/Library/Python/3.12/lib/python/site-packages/aiohttp/connector.py", line 544, in connect
    proto = await self._create_connection(req, traces, timeout)
            ^^^^^^^^^^^^^^^^^^^^^^^^^^^^^^^^^^^^^^^^^^^^^^^^^^^
  File "/Users/shavlak/Library/Python/3.12/lib/python/site-packages/aiohttp/connector.py", line 911, in _create_connection
    _, proto = await self._create_direct_connection(req, traces, timeout)
               ^^^^^^^^^^^^^^^^^^^^^^^^^^^^^^^^^^^^^^^^^^^^^^^^^^^^^^^^^^
  File "/Users/shavlak/Library/Python/3.12/lib/python/site-packages/aiohttp/connector.py", line 1235, in _create_direct_connection
    raise last_exc
  File "/Users/shavlak/Library/Python/3.12/lib/python/site-packages/aiohttp/connector.py", line 1204, in _create_direct_connection
    transp, proto = await self._wrap_create_connection(
                    ^^^^^^^^^^^^^^^^^^^^^^^^^^^^^^^^^^^
  File "/Users/shavlak/Library/Python/3.12/lib/python/site-packages/aiohttp/connector.py", line 994, in _wrap_create_connection
    raise ClientConnectorCertificateError(req.connection_key, exc) from exc
aiohttp.client_exceptions.ClientConnectorCertificateError: Cannot connect to host api.telegram.org:443 ssl:True [SSLCertVerificationError: (1, '[SSL: CERTIFICATE_VERIFY_FAILED] certificate verify failed: self-signed certificate in certificate chain (_ssl.c:1000)')]
2026-04-15 18:00:00 | ERROR    | __main__ | update_price:159 | Ошибка при обновлении прайса: Cannot connect to host api.telegram.org:443 ssl:True [SSLCertVerificationError: (1, '[SSL: CERTIFICATE_VERIFY_FAILED] certificate verify failed: self-signed certificate in certificate chain (_ssl.c:1000)')]
Traceback (most recent call last):
  File "/Users/shavlak/Library/Python/3.12/lib/python/site-packages/aiohttp/connector.py", line 992, in _wrap_create_connection
    return await self._loop.create_connection(*args, **kwargs)
           ^^^^^^^^^^^^^^^^^^^^^^^^^^^^^^^^^^^^^^^^^^^^^^^^^^^
  File "/Library/Frameworks/Python.framework/Versions/3.12/lib/python3.12/asyncio/base_events.py", line 1126, in create_connection
    transport, protocol = await self._create_connection_transport(
                          ^^^^^^^^^^^^^^^^^^^^^^^^^^^^^^^^^^^^^^^^
  File "/Library/Frameworks/Python.framework/Versions/3.12/lib/python3.12/asyncio/base_events.py", line 1159, in _create_connection_transport
    await waiter
  File "/Library/Frameworks/Python.framework/Versions/3.12/lib/python3.12/asyncio/sslproto.py", line 575, in _on_handshake_complete
    raise handshake_exc
  File "/Library/Frameworks/Python.framework/Versions/3.12/lib/python3.12/asyncio/sslproto.py", line 557, in _do_handshake
    self._sslobj.do_handshake()
  File "/Library/Frameworks/Python.framework/Versions/3.12/lib/python3.12/ssl.py", line 917, in do_handshake
    self._sslobj.do_handshake()
ssl.SSLCertVerificationError: [SSL: CERTIFICATE_VERIFY_FAILED] certificate verify failed: self-signed certificate in certificate chain (_ssl.c:1000)

The above exception was the direct cause of the following exception:

Traceback (most recent call last):
  File "/Users/shavlak/Desktop/Project/price-updater/main.py", line 152, in update_price
    self.message_id = await self.publisher.send_price_list(prices)
                      ^^^^^^^^^^^^^^^^^^^^^^^^^^^^^^^^^^^^^^^^^^^^
  File "/Users/shavlak/Desktop/Project/price-updater/telegram_channel.py", line 35, in send_price_list
    async with session.post(url, json=data) as response:
  File "/Users/shavlak/Library/Python/3.12/lib/python/site-packages/aiohttp/client.py", line 1187, in __aenter__
    self._resp = await self._coro
                 ^^^^^^^^^^^^^^^^
  File "/Users/shavlak/Library/Python/3.12/lib/python/site-packages/aiohttp/client.py", line 574, in _request
    conn = await self._connector.connect(
           ^^^^^^^^^^^^^^^^^^^^^^^^^^^^^^
  File "/Users/shavlak/Library/Python/3.12/lib/python/site-packages/aiohttp/connector.py", line 544, in connect
    proto = await self._create_connection(req, traces, timeout)
            ^^^^^^^^^^^^^^^^^^^^^^^^^^^^^^^^^^^^^^^^^^^^^^^^^^^
  File "/Users/shavlak/Library/Python/3.12/lib/python/site-packages/aiohttp/connector.py", line 911, in _create_connection
    _, proto = await self._create_direct_connection(req, traces, timeout)
               ^^^^^^^^^^^^^^^^^^^^^^^^^^^^^^^^^^^^^^^^^^^^^^^^^^^^^^^^^^
  File "/Users/shavlak/Library/Python/3.12/lib/python/site-packages/aiohttp/connector.py", line 1235, in _create_direct_connection
    raise last_exc
  File "/Users/shavlak/Library/Python/3.12/lib/python/site-packages/aiohttp/connector.py", line 1204, in _create_direct_connection
    transp, proto = await self._wrap_create_connection(
                    ^^^^^^^^^^^^^^^^^^^^^^^^^^^^^^^^^^^
  File "/Users/shavlak/Library/Python/3.12/lib/python/site-packages/aiohttp/connector.py", line 994, in _wrap_create_connection
    raise ClientConnectorCertificateError(req.connection_key, exc) from exc
aiohttp.client_exceptions.ClientConnectorCertificateError: Cannot connect to host api.telegram.org:443 ssl:True [SSLCertVerificationError: (1, '[SSL: CERTIFICATE_VERIFY_FAILED] certificate verify failed: self-signed certificate in certificate chain (_ssl.c:1000)')]
2026-04-15 19:30:01 | ERROR    | __main__ | update_price:159 | Ошибка при обновлении прайса: Cannot connect to host api.telegram.org:443 ssl:True [SSLCertVerificationError: (1, '[SSL: CERTIFICATE_VERIFY_FAILED] certificate verify failed: self-signed certificate in certificate chain (_ssl.c:1000)')]
Traceback (most recent call last):
  File "/Users/shavlak/Library/Python/3.12/lib/python/site-packages/aiohttp/connector.py", line 992, in _wrap_create_connection
    return await self._loop.create_connection(*args, **kwargs)
           ^^^^^^^^^^^^^^^^^^^^^^^^^^^^^^^^^^^^^^^^^^^^^^^^^^^
  File "/Library/Frameworks/Python.framework/Versions/3.12/lib/python3.12/asyncio/base_events.py", line 1126, in create_connection
    transport, protocol = await self._create_connection_transport(
                          ^^^^^^^^^^^^^^^^^^^^^^^^^^^^^^^^^^^^^^^^
  File "/Library/Frameworks/Python.framework/Versions/3.12/lib/python3.12/asyncio/base_events.py", line 1159, in _create_connection_transport
    await waiter
  File "/Library/Frameworks/Python.framework/Versions/3.12/lib/python3.12/asyncio/sslproto.py", line 575, in _on_handshake_complete
    raise handshake_exc
  File "/Library/Frameworks/Python.framework/Versions/3.12/lib/python3.12/asyncio/sslproto.py", line 557, in _do_handshake
    self._sslobj.do_handshake()
  File "/Library/Frameworks/Python.framework/Versions/3.12/lib/python3.12/ssl.py", line 917, in do_handshake
    self._sslobj.do_handshake()
ssl.SSLCertVerificationError: [SSL: CERTIFICATE_VERIFY_FAILED] certificate verify failed: self-signed certificate in certificate chain (_ssl.c:1000)

The above exception was the direct cause of the following exception:

Traceback (most recent call last):
  File "/Users/shavlak/Desktop/Project/price-updater/main.py", line 152, in update_price
    self.message_id = await self.publisher.send_price_list(prices)
                      ^^^^^^^^^^^^^^^^^^^^^^^^^^^^^^^^^^^^^^^^^^^^
  File "/Users/shavlak/Desktop/Project/price-updater/telegram_channel.py", line 35, in send_price_list
    async with session.post(url, json=data) as response:
  File "/Users/shavlak/Library/Python/3.12/lib/python/site-packages/aiohttp/client.py", line 1187, in __aenter__
    self._resp = await self._coro
                 ^^^^^^^^^^^^^^^^
  File "/Users/shavlak/Library/Python/3.12/lib/python/site-packages/aiohttp/client.py", line 574, in _request
    conn = await self._connector.connect(
           ^^^^^^^^^^^^^^^^^^^^^^^^^^^^^^
  File "/Users/shavlak/Library/Python/3.12/lib/python/site-packages/aiohttp/connector.py", line 544, in connect
    proto = await self._create_connection(req, traces, timeout)
            ^^^^^^^^^^^^^^^^^^^^^^^^^^^^^^^^^^^^^^^^^^^^^^^^^^^
  File "/Users/shavlak/Library/Python/3.12/lib/python/site-packages/aiohttp/connector.py", line 911, in _create_connection
    _, proto = await self._create_direct_connection(req, traces, timeout)
               ^^^^^^^^^^^^^^^^^^^^^^^^^^^^^^^^^^^^^^^^^^^^^^^^^^^^^^^^^^
  File "/Users/shavlak/Library/Python/3.12/lib/python/site-packages/aiohttp/connector.py", line 1235, in _create_direct_connection
    raise last_exc
  File "/Users/shavlak/Library/Python/3.12/lib/python/site-packages/aiohttp/connector.py", line 1204, in _create_direct_connection
    transp, proto = await self._wrap_create_connection(
                    ^^^^^^^^^^^^^^^^^^^^^^^^^^^^^^^^^^^
  File "/Users/shavlak/Library/Python/3.12/lib/python/site-packages/aiohttp/connector.py", line 994, in _wrap_create_connection
    raise ClientConnectorCertificateError(req.connection_key, exc) from exc
aiohttp.client_exceptions.ClientConnectorCertificateError: Cannot connect to host api.telegram.org:443 ssl:True [SSLCertVerificationError: (1, '[SSL: CERTIFICATE_VERIFY_FAILED] certificate verify failed: self-signed certificate in certificate chain (_ssl.c:1000)')]
