2026-04-14 22:02:14 | INFO     | price_database | _init_db:75 | База данных инициализирована
2026-04-14 22:02:14 | INFO     | __main__ | run_demo:76 | ============================================================
2026-04-14 22:02:14 | INFO     | __main__ | run_demo:77 | 🎭 ДЕМО-РЕЖИМ Price Updater
2026-04-14 22:02:14 | INFO     | __main__ | run_demo:78 | ============================================================
2026-04-14 22:02:14 | INFO     | __main__ | run_demo:79 | Симуляция 30 дней, интервал 1с
2026-04-14 22:02:14 | INFO     | __main__ | run_demo:82 | 
📅 День 1/30
2026-04-14 22:02:14 | INFO     | __main__ | run_demo:86 |   Сгенерировано 11 позиций
2026-04-14 22:02:14 | INFO     | price_database | save_snapshot:125 | Сохранён снимок #1: 11 позиций, 2026-04-14 22:02:14
2026-04-14 22:02:14 | INFO     | __main__ | run_demo:90 |   Снимок #1 сохранён
2026-04-14 22:02:15 | INFO     | __main__ | run_demo:82 | 
📅 День 2/30
2026-04-14 22:02:15 | INFO     | __main__ | run_demo:86 |   Сгенерировано 10 позиций
2026-04-14 22:02:15 | INFO     | price_database | save_snapshot:125 | Сохранён снимок #2: 10 позиций, 2026-04-14 22:02:15
2026-04-14 22:02:15 | INFO     | __main__ | run_demo:90 |   Снимок #2 сохранён
2026-04-14 22:03:26 | INFO     | price_database | _init_db:75 | База данных инициализирована
2026-04-14 22:03:26 | INFO     | __main__ | run_demo:76 | ============================================================
2026-04-14 22:03:26 | INFO     | __main__ | run_demo:77 | 🎭 ДЕМО-РЕЖИМ Price Updater
2026-04-14 22:03:26 | INFO     | __main__ | run_demo:78 | ============================================================
2026-04-14 22:03:26 | INFO     | __main__ | run_demo:79 | Симуляция 30 дней, интервал 1с
2026-04-14 22:03:26 | INFO     | __main__ | run_demo:82 | 
📅 День 1/30
2026-04-14 22:03:26 | INFO     | __main__ | run_demo:86 |   Сгенерировано 11 позиций
2026-04-14 22:03:26 | INFO     | price_database | save_snapshot:125 | Сохранён снимок #3: 11 позиций, 2026-04-14 22:03:26
2026-04-14 22:03:26 | INFO     | __main__ | run_demo:90 |   Снимок #3 сохранён
2026-04-14 22:03:27 | INFO     | __main__ | run_demo:82 | 
📅 День 2/30
2026-04-14 22:03:27 | INFO     | __main__ | run_demo:86 |   Сгенерировано 10 позиций
2026-04-14 22:03:27 | INFO     | price_database | save_snapshot:125 | Сохранён снимок #4: 10 позиций, 2026-04-14 22:03:27
2026-04-14 22:03:27 | INFO     | __main__ | run_demo:90 |   Снимок #4 сохранён
2026-04-14 22:03:27 | INFO     | __main__ | run_demo:97 |   Последняя цена iPhone 15: 48969.0₽
2026-04-14 22:03:28 | INFO     | __main__ | run_demo:82 | 
📅 День 3/30
2026-04-14 22:03:28 | INFO     | __main__ | run_demo:86 |   Сгенерировано 10 позиций
2026-04-14 22:03:28 | INFO     | price_database | save_snapshot:125 | Сохранён снимок #5: 10 позиций, 2026-04-14 22:03:28
2026-04-14 22:03:28 | INFO     | __main__ | run_demo:90 |   Снимок #5 сохранён
2026-04-14 22:03:28 | INFO     | __main__ | run_demo:97 |   Последняя цена iPhone 15: 49757.0₽
2026-04-14 22:03:29 | INFO     | __main__ | run_demo:82 | 
📅 День 4/30
2026-04-14 22:03:29 | INFO     | __main__ | run_demo:86 |   Сгенерировано 10 позиций
2026-04-14 22:03:29 | INFO     | price_database | save_snapshot:125 | Сохранён снимок #6: 10 позиций, 2026-04-14 22:03:29
2026-04-14 22:03:29 | INFO     | __main__ | run_demo:90 |   Снимок #6 сохранён
2026-04-14 22:03:29 | INFO     | __main__ | run_demo:97 |   Последняя цена iPhone 15: 48978.0₽
2026-04-14 22:03:30 | INFO     | __main__ | run_demo:82 | 
📅 День 5/30
2026-04-14 22:03:30 | INFO     | __main__ | run_demo:86 |   Сгенерировано 10 позиций
2026-04-14 22:03:30 | INFO     | price_database | save_snapshot:125 | Сохранён снимок #7: 10 позиций, 2026-04-14 22:03:30
2026-04-14 22:03:30 | INFO     | __main__ | run_demo:90 |   Снимок #7 сохранён
2026-04-14 22:03:30 | INFO     | __main__ | run_demo:97 |   Последняя цена iPhone 15: 50301.0₽
2026-04-14 22:03:31 | INFO     | __main__ | run_demo:82 | 
📅 День 6/30
2026-04-14 22:03:31 | INFO     | __main__ | run_demo:86 |   Сгенерировано 10 позиций
2026-04-14 22:03:31 | INFO     | price_database | save_snapshot:125 | Сохранён снимок #8: 10 позиций, 2026-04-14 22:03:31
2026-04-14 22:03:31 | INFO     | __main__ | run_demo:90 |   Снимок #8 сохранён
2026-04-14 22:03:31 | INFO     | __main__ | run_demo:97 |   Последняя цена iPhone 15: 48584.0₽
2026-04-14 22:03:32 | INFO     | __main__ | run_demo:82 | 
📅 День 7/30
2026-04-14 22:03:32 | INFO     | __main__ | run_demo:86 |   Сгенерировано 10 позиций
2026-04-14 22:03:32 | INFO     | price_database | save_snapshot:125 | Сохранён снимок #9: 10 позиций, 2026-04-14 22:03:32
2026-04-14 22:03:32 | INFO     | __main__ | run_demo:90 |   Снимок #9 сохранён
2026-04-14 22:03:32 | INFO     | __main__ | run_demo:97 |   Последняя цена iPhone 15: 50534.0₽
2026-04-14 22:03:33 | INFO     | __main__ | run_demo:82 | 
📅 День 8/30
2026-04-14 22:03:33 | INFO     | __main__ | run_demo:86 |   Сгенерировано 11 позиций
2026-04-14 22:03:33 | INFO     | price_database | save_snapshot:125 | Сохранён снимок #10: 11 позиций, 2026-04-14 22:03:33
2026-04-14 22:03:33 | INFO     | __main__ | run_demo:90 |   Снимок #10 сохранён
2026-04-14 22:03:33 | INFO     | __main__ | run_demo:97 |   Последняя цена iPhone 15: 51124.0₽
2026-04-14 22:03:34 | INFO     | __main__ | run_demo:82 | 
📅 День 9/30
2026-04-14 22:03:34 | INFO     | __main__ | run_demo:86 |   Сгенерировано 10 позиций
2026-04-14 22:03:34 | INFO     | price_database | save_snapshot:125 | Сохранён снимок #11: 10 позиций, 2026-04-14 22:03:34
2026-04-14 22:03:34 | INFO     | __main__ | run_demo:90 |   Снимок #11 сохранён
2026-04-14 22:03:34 | INFO     | __main__ | run_demo:97 |   Последняя цена iPhone 15: 52009.0₽
2026-04-14 22:03:35 | INFO     | __main__ | run_demo:82 | 
📅 День 10/30
2026-04-14 22:03:35 | INFO     | __main__ | run_demo:86 |   Сгенерировано 10 позиций
2026-04-14 22:03:35 | INFO     | price_database | save_snapshot:125 | Сохранён снимок #12: 10 позиций, 2026-04-14 22:03:35
2026-04-14 22:03:35 | INFO     | __main__ | run_demo:90 |   Снимок #12 сохранён
2026-04-14 22:03:35 | INFO     | __main__ | run_demo:97 |   Последняя цена iPhone 15: 51772.0₽
2026-04-14 22:03:36 | INFO     | __main__ | run_demo:82 | 
📅 День 11/30
2026-04-14 22:03:36 | INFO     | __main__ | run_demo:86 |   Сгенерировано 10 позиций
2026-04-14 22:03:36 | INFO     | price_database | save_snapshot:125 | Сохранён снимок #13: 10 позиций, 2026-04-14 22:03:36
2026-04-14 22:03:36 | INFO     | __main__ | run_demo:90 |   Снимок #13 сохранён
2026-04-14 22:03:36 | INFO     | __main__ | run_demo:97 |   Последняя цена iPhone 15: 51364.0₽
2026-04-14 22:03:37 | INFO     | __main__ | run_demo:82 | 
📅 День 12/30
2026-04-14 22:03:37 | INFO     | __main__ | run_demo:86 |   Сгенерировано 10 позиций
2026-04-14 22:03:37 | INFO     | price_database | save_snapshot:125 | Сохранён снимок #14: 10 позиций, 2026-04-14 22:03:37
2026-04-14 22:03:37 | INFO     | __main__ | run_demo:90 |   Снимок #14 сохранён
2026-04-14 22:03:37 | INFO     | __main__ | run_demo:97 |   Последняя цена iPhone 15: 49828.0₽
2026-04-14 22:03:38 | INFO     | __main__ | run_demo:82 | 
📅 День 13/30
2026-04-14 22:03:38 | INFO     | __main__ | run_demo:86 |   Сгенерировано 10 позиций
2026-04-14 22:03:38 | INFO     | price_database | save_snapshot:125 | Сохранён снимок #15: 10 позиций, 2026-04-14 22:03:38
2026-04-14 22:03:38 | INFO     | __main__ | run_demo:90 |   Снимок #15 сохранён
2026-04-14 22:03:38 | INFO     | __main__ | run_demo:97 |   Последняя цена iPhone 15: 51971.0₽
2026-04-14 22:03:39 | INFO     | __main__ | run_demo:82 | 
📅 День 14/30
2026-04-14 22:03:39 | INFO     | __main__ | run_demo:86 |   Сгенерировано 10 позиций
2026-04-14 22:03:39 | INFO     | price_database | save_snapshot:125 | Сохранён снимок #16: 10 позиций, 2026-04-14 22:03:39
2026-04-14 22:03:39 | INFO     | __main__ | run_demo:90 |   Снимок #16 сохранён
2026-04-14 22:03:39 | INFO     | __main__ | run_demo:97 |   Последняя цена iPhone 15: 50943.0₽
2026-04-14 22:03:40 | INFO     | __main__ | run_demo:82 | 
📅 День 15/30
2026-04-14 22:03:40 | INFO     | __main__ | run_demo:86 |   Сгенерировано 11 позиций
2026-04-14 22:03:40 | INFO     | price_database | save_snapshot:125 | Сохранён снимок #17: 11 позиций, 2026-04-14 22:03:40
2026-04-14 22:03:40 | INFO     | __main__ | run_demo:90 |   Снимок #17 сохранён
2026-04-14 22:03:40 | INFO     | __main__ | run_demo:97 |   Последняя цена iPhone 15: 50050.0₽
2026-04-14 22:03:41 | INFO     | __main__ | run_demo:82 | 
📅 День 16/30
2026-04-14 22:03:41 | INFO     | __main__ | run_demo:86 |   Сгенерировано 10 позиций
2026-04-14 22:03:41 | INFO     | price_database | save_snapshot:125 | Сохранён снимок #18: 10 позиций, 2026-04-14 22:03:41
2026-04-14 22:03:42 | INFO     | __main__ | run_demo:90 |   Снимок #18 сохранён
2026-04-14 22:03:42 | INFO     | __main__ | run_demo:97 |   Последняя цена iPhone 15: 50940.0₽
2026-04-14 22:03:43 | INFO     | __main__ | run_demo:82 | 
📅 День 17/30
2026-04-14 22:03:43 | INFO     | __main__ | run_demo:86 |   Сгенерировано 10 позиций
2026-04-14 22:03:43 | INFO     | price_database | save_snapshot:125 | Сохранён снимок #19: 10 позиций, 2026-04-14 22:03:43
2026-04-14 22:03:43 | INFO     | __main__ | run_demo:90 |   Снимок #19 сохранён
2026-04-14 22:03:43 | INFO     | __main__ | run_demo:97 |   Последняя цена iPhone 15: 53495.0₽
2026-04-14 22:03:44 | INFO     | __main__ | run_demo:82 | 
📅 День 18/30
2026-04-14 22:03:44 | INFO     | __main__ | run_demo:86 |   Сгенерировано 10 позиций
2026-04-14 22:03:44 | INFO     | price_database | save_snapshot:125 | Сохранён снимок #20: 10 позиций, 2026-04-14 22:03:44
2026-04-14 22:03:44 | INFO     | __main__ | run_demo:90 |   Снимок #20 сохранён
2026-04-14 22:03:44 | INFO     | __main__ | run_demo:97 |   Последняя цена iPhone 15: 52456.0₽
2026-04-14 22:03:45 | INFO     | __main__ | run_demo:82 | 
📅 День 19/30
2026-04-14 22:03:45 | INFO     | __main__ | run_demo:86 |   Сгенерировано 10 позиций
2026-04-14 22:03:45 | INFO     | price_database | save_snapshot:125 | Сохранён снимок #21: 10 позиций, 2026-04-14 22:03:45
2026-04-14 22:03:45 | INFO     | __main__ | run_demo:90 |   Снимок #21 сохранён
2026-04-14 22:03:45 | INFO     | __main__ | run_demo:97 |   Последняя цена iPhone 15: 51558.0₽
2026-04-14 22:03:46 | INFO     | __main__ | run_demo:82 | 
📅 День 20/30
2026-04-14 22:03:46 | INFO     | __main__ | run_demo:86 |   Сгенерировано 10 позиций
2026-04-14 22:03:46 | INFO     | price_database | save_snapshot:125 | Сохранён снимок #22: 10 позиций, 2026-04-14 22:03:46
2026-04-14 22:03:46 | INFO     | __main__ | run_demo:90 |   Снимок #22 сохранён
2026-04-14 22:03:46 | INFO     | __main__ | run_demo:97 |   Последняя цена iPhone 15: 53105.0₽
2026-04-14 22:03:47 | INFO     | __main__ | run_demo:82 | 
📅 День 21/30
2026-04-14 22:03:47 | INFO     | __main__ | run_demo:86 |   Сгенерировано 10 позиций
2026-04-14 22:03:47 | INFO     | price_database | save_snapshot:125 | Сохранён снимок #23: 10 позиций, 2026-04-14 22:03:47
2026-04-14 22:03:47 | INFO     | __main__ | run_demo:90 |   Снимок #23 сохранён
2026-04-14 22:03:47 | INFO     | __main__ | run_demo:97 |   Последняя цена iPhone 15: 52502.0₽
2026-04-14 22:03:48 | INFO     | __main__ | run_demo:82 | 
📅 День 22/30
2026-04-14 22:03:48 | INFO     | __main__ | run_demo:86 |   Сгенерировано 11 позиций
2026-04-14 22:03:48 | INFO     | price_database | save_snapshot:125 | Сохранён снимок #24: 11 позиций, 2026-04-14 22:03:48
2026-04-14 22:03:48 | INFO     | __main__ | run_demo:90 |   Снимок #24 сохранён
2026-04-14 22:03:48 | INFO     | __main__ | run_demo:97 |   Последняя цена iPhone 15: 50622.0₽
2026-04-14 22:03:49 | INFO     | __main__ | run_demo:82 | 
📅 День 23/30
2026-04-14 22:03:49 | INFO     | __main__ | run_demo:86 |   Сгенерировано 10 позиций
2026-04-14 22:03:49 | INFO     | price_database | save_snapshot:125 | Сохранён снимок #25: 10 позиций, 2026-04-14 22:03:49
2026-04-14 22:03:49 | INFO     | __main__ | run_demo:90 |   Снимок #25 сохранён
2026-04-14 22:03:49 | INFO     | __main__ | run_demo:97 |   Последняя цена iPhone 15: 52541.0₽
2026-04-14 22:03:50 | INFO     | __main__ | run_demo:82 | 
📅 День 24/30
2026-04-14 22:03:50 | INFO     | __main__ | run_demo:86 |   Сгенерировано 10 позиций
2026-04-14 22:03:50 | INFO     | price_database | save_snapshot:125 | Сохранён снимок #26: 10 позиций, 2026-04-14 22:03:50
2026-04-14 22:03:50 | INFO     | __main__ | run_demo:90 |   Снимок #26 сохранён
2026-04-14 22:03:50 | INFO     | __main__ | run_demo:97 |   Последняя цена iPhone 15: 52097.0₽
2026-04-14 22:03:51 | INFO     | __main__ | run_demo:82 | 
📅 День 25/30
2026-04-14 22:03:51 | INFO     | __main__ | run_demo:86 |   Сгенерировано 10 позиций
2026-04-14 22:03:51 | INFO     | price_database | save_snapshot:125 | Сохранён снимок #27: 10 позиций, 2026-04-14 22:03:51
2026-04-14 22:03:51 | INFO     | __main__ | run_demo:90 |   Снимок #27 сохранён
2026-04-14 22:03:51 | INFO     | __main__ | run_demo:97 |   Последняя цена iPhone 15: 51083.0₽
2026-04-14 22:03:52 | INFO     | __main__ | run_demo:82 | 
📅 День 26/30
2026-04-14 22:03:52 | INFO     | __main__ | run_demo:86 |   Сгенерировано 10 позиций
2026-04-14 22:03:52 | INFO     | price_database | save_snapshot:125 | Сохранён снимок #28: 10 позиций, 2026-04-14 22:03:52
2026-04-14 22:03:52 | INFO     | __main__ | run_demo:90 |   Снимок #28 сохранён
2026-04-14 22:03:52 | INFO     | __main__ | run_demo:97 |   Последняя цена iPhone 15: 51805.0₽
2026-04-14 22:03:53 | INFO     | __main__ | run_demo:82 | 
📅 День 27/30
2026-04-14 22:03:53 | INFO     | __main__ | run_demo:86 |   Сгенерировано 10 позиций
2026-04-14 22:03:53 | INFO     | price_database | save_snapshot:125 | Сохранён снимок #29: 10 позиций, 2026-04-14 22:03:53
2026-04-14 22:03:53 | INFO     | __main__ | run_demo:90 |   Снимок #29 сохранён
2026-04-14 22:03:53 | INFO     | __main__ | run_demo:97 |   Последняя цена iPhone 15: 52361.0₽
2026-04-14 22:03:54 | INFO     | __main__ | run_demo:82 | 
📅 День 28/30
2026-04-14 22:03:54 | INFO     | __main__ | run_demo:86 |   Сгенерировано 10 позиций
2026-04-14 22:03:54 | INFO     | price_database | save_snapshot:125 | Сохранён снимок #30: 10 позиций, 2026-04-14 22:03:54
2026-04-14 22:03:54 | INFO     | __main__ | run_demo:90 |   Снимок #30 сохранён
2026-04-14 22:03:54 | INFO     | __main__ | run_demo:97 |   Последняя цена iPhone 15: 52341.0₽
2026-04-14 22:03:55 | INFO     | __main__ | run_demo:82 | 
📅 День 29/30
2026-04-14 22:03:55 | INFO     | __main__ | run_demo:86 |   Сгенерировано 11 позиций
2026-04-14 22:03:55 | INFO     | price_database | save_snapshot:125 | Сохранён снимок #31: 11 позиций, 2026-04-14 22:03:55
2026-04-14 22:03:55 | INFO     | __main__ | run_demo:90 |   Снимок #31 сохранён
2026-04-14 22:03:55 | INFO     | __main__ | run_demo:97 |   Последняя цена iPhone 15: 52840.0₽
2026-04-14 22:03:56 | INFO     | __main__ | run_demo:82 | 
📅 День 30/30
2026-04-14 22:03:56 | INFO     | __main__ | run_demo:86 |   Сгенерировано 10 позиций
2026-04-14 22:03:56 | INFO     | price_database | save_snapshot:125 | Сохранён снимок #32: 10 позиций, 2026-04-14 22:03:56
2026-04-14 22:03:56 | INFO     | __main__ | run_demo:90 |   Снимок #32 сохранён
2026-04-14 22:03:56 | INFO     | __main__ | run_demo:97 |   Последняя цена iPhone 15: 52880.0₽
2026-04-14 22:03:57 | INFO     | __main__ | run_demo:105 | 
📊 Генерация отчёта за период...
2026-04-14 22:03:57 | INFO     | report_generator | generate_period_report:160 | Генерация отчёта за период: 2026-04-14 — 2026-04-14
2026-04-14 22:03:57 | INFO     | report_generator | _compare_snapshots:279 | Отчёт сформирован: ↑10 ↓0 —0 +0 -1
2026-04-14 22:03:57 | INFO     | __main__ | run_demo:113 | 
📊 <b>Отчёт об изменениях цен</b>
📅 Период: <b>2026-04-14</b> — <b>2026-04-14</b>
🕐 Сформирован: 2026-04-14T22:03:57

─────────────────
📦 Позиций на начало: <b>11</b>
📦 Позиций на конец: <b>10</b>

📈 <b>Выросли в цене (10)</b>
  • OnePlus 12: 36990 → 41039 ₽ (+10.9%)
  • Google Pixel 8 Pro: 53445 → 58932 ₽ (+10.3%)
  • Xiaomi 14 Pro: 40844 → 44902 ₽ (+9.9%)
  • iPhone 15 128GB: 49889 → 52880 ₽ (+6.0%)
  • Google Pixel 8: 39859 → 42223 ₽ (+5.9%)
  • Samsung Galaxy S24 Ultra: 65440 → 68694 ₽ (+5.0%)
  • Samsung Galaxy S24: 45194 → 47466 ₽ (+5.0%)
  • Xiaomi 14: 36972 → 38630 ₽ (+4.5%)
  • iPhone 15 Pro Max 512GB: 88567 → 91971 ₽ (+3.8%)
  • iPhone 15 Pro 256GB: 70894 → 72682 ₽ (+2.5%)

❌ <b>Исчезли (1)</b>
  • AirPods Pro 2 (было: 15383 ₽)

─────────────────
📋 <i>Полный отчёт доступен в веб-интерфейсе</i>
2026-04-14 22:03:57 | INFO     | __main__ | run_demo:117 | 
📁 Статистика базы:
2026-04-14 22:03:57 | INFO     | __main__ | run_demo:118 |   Снимков: 32
2026-04-14 22:03:57 | INFO     | __main__ | run_demo:119 |   Позиций: 326
2026-04-14 22:03:57 | INFO     | __main__ | run_demo:120 |   Размер БД: 0.05 МБ
2026-04-14 22:03:57 | INFO     | __main__ | run_demo:122 | 
✅ Демо завершено!
2026-04-14 22:03:57 | INFO     | __main__ | run_demo:123 | Теперь можно запустить полноценный сервер: python main.py
2026-04-15 12:01:50 | INFO     | price_database | _init_db:75 | База данных инициализирована
2026-04-15 12:01:50 | INFO     | __main__ | run_demo:76 | ============================================================
2026-04-15 12:01:50 | INFO     | __main__ | run_demo:77 | 🎭 ДЕМО-РЕЖИМ Price Updater
2026-04-15 12:01:50 | INFO     | __main__ | run_demo:78 | ============================================================
2026-04-15 12:01:50 | INFO     | __main__ | run_demo:79 | Симуляция 30 дней, интервал 1с
2026-04-15 12:01:50 | INFO     | __main__ | run_demo:82 | 
📅 День 1/30
2026-04-15 12:01:50 | INFO     | __main__ | run_demo:86 |   Сгенерировано 11 позиций
2026-04-15 12:01:50 | INFO     | price_database | save_snapshot:125 | Сохранён снимок #33: 11 позиций, 2026-04-15 12:01:50
2026-04-15 12:01:50 | INFO     | __main__ | run_demo:90 |   Снимок #33 сохранён
2026-04-15 12:01:51 | INFO     | __main__ | run_demo:82 | 
📅 День 2/30
2026-04-15 12:01:51 | INFO     | __main__ | run_demo:86 |   Сгенерировано 10 позиций
2026-04-15 12:01:51 | INFO     | price_database | save_snapshot:125 | Сохранён снимок #34: 10 позиций, 2026-04-15 12:01:51
2026-04-15 12:01:51 | INFO     | __main__ | run_demo:90 |   Снимок #34 сохранён
2026-04-15 12:01:51 | INFO     | __main__ | run_demo:97 |   Последняя цена iPhone 15: 50716.0₽
2026-04-15 12:01:52 | INFO     | __main__ | run_demo:82 | 
📅 День 3/30
2026-04-15 12:01:52 | INFO     | __main__ | run_demo:86 |   Сгенерировано 10 позиций
2026-04-15 12:01:52 | INFO     | price_database | save_snapshot:125 | Сохранён снимок #35: 10 позиций, 2026-04-15 12:01:52
2026-04-15 12:01:52 | INFO     | __main__ | run_demo:90 |   Снимок #35 сохранён
2026-04-15 12:01:52 | INFO     | __main__ | run_demo:97 |   Последняя цена iPhone 15: 50756.0₽
2026-04-15 12:01:53 | INFO     | __main__ | run_demo:82 | 
📅 День 4/30
2026-04-15 12:01:53 | INFO     | __main__ | run_demo:86 |   Сгенерировано 10 позиций
2026-04-15 12:01:53 | INFO     | price_database | save_snapshot:125 | Сохранён снимок #36: 10 позиций, 2026-04-15 12:01:53
2026-04-15 12:01:53 | INFO     | __main__ | run_demo:90 |   Снимок #36 сохранён
2026-04-15 12:01:53 | INFO     | __main__ | run_demo:97 |   Последняя цена iPhone 15: 50930.0₽
2026-04-15 12:01:54 | INFO     | __main__ | run_demo:82 | 
📅 День 5/30
2026-04-15 12:01:54 | INFO     | __main__ | run_demo:86 |   Сгенерировано 10 позиций
2026-04-15 12:01:54 | INFO     | price_database | save_snapshot:125 | Сохранён снимок #37: 10 позиций, 2026-04-15 12:01:54
2026-04-15 12:01:54 | INFO     | __main__ | run_demo:90 |   Снимок #37 сохранён
2026-04-15 12:01:54 | INFO     | __main__ | run_demo:97 |   Последняя цена iPhone 15: 51390.0₽
2026-04-15 12:01:55 | INFO     | __main__ | run_demo:82 | 
📅 День 6/30
2026-04-15 12:01:55 | INFO     | __main__ | run_demo:86 |   Сгенерировано 10 позиций
2026-04-15 12:01:55 | INFO     | price_database | save_snapshot:125 | Сохранён снимок #38: 10 позиций, 2026-04-15 12:01:55
2026-04-15 12:01:55 | INFO     | __main__ | run_demo:90 |   Снимок #38 сохранён
2026-04-15 12:01:55 | INFO     | __main__ | run_demo:97 |   Последняя цена iPhone 15: 49595.0₽
2026-04-15 12:01:56 | INFO     | __main__ | run_demo:82 | 
📅 День 7/30
2026-04-15 12:01:56 | INFO     | __main__ | run_demo:86 |   Сгенерировано 10 позиций
2026-04-15 12:01:56 | INFO     | price_database | save_snapshot:125 | Сохранён снимок #39: 10 позиций, 2026-04-15 12:01:56
2026-04-15 12:01:56 | INFO     | __main__ | run_demo:90 |   Снимок #39 сохранён
2026-04-15 12:01:56 | INFO     | __main__ | run_demo:97 |   Последняя цена iPhone 15: 48782.0₽
2026-04-15 12:01:57 | INFO     | __main__ | run_demo:82 | 
📅 День 8/30
2026-04-15 12:01:57 | INFO     | __main__ | run_demo:86 |   Сгенерировано 11 позиций
2026-04-15 12:01:57 | INFO     | price_database | save_snapshot:125 | Сохранён снимок #40: 11 позиций, 2026-04-15 12:01:57
2026-04-15 12:01:57 | INFO     | __main__ | run_demo:90 |   Снимок #40 сохранён
2026-04-15 12:01:57 | INFO     | __main__ | run_demo:97 |   Последняя цена iPhone 15: 49624.0₽
2026-04-15 12:01:58 | INFO     | __main__ | run_demo:82 | 
📅 День 9/30
2026-04-15 12:01:58 | INFO     | __main__ | run_demo:86 |   Сгенерировано 10 позиций
2026-04-15 12:01:58 | INFO     | price_database | save_snapshot:125 | Сохранён снимок #41: 10 позиций, 2026-04-15 12:01:58
2026-04-15 12:01:58 | INFO     | __main__ | run_demo:90 |   Снимок #41 сохранён
2026-04-15 12:01:58 | INFO     | __main__ | run_demo:97 |   Последняя цена iPhone 15: 52341.0₽
2026-04-15 12:01:59 | INFO     | __main__ | run_demo:82 | 
📅 День 10/30
2026-04-15 12:01:59 | INFO     | __main__ | run_demo:86 |   Сгенерировано 10 позиций
2026-04-15 12:01:59 | INFO     | price_database | save_snapshot:125 | Сохранён снимок #42: 10 позиций, 2026-04-15 12:01:59
2026-04-15 12:01:59 | INFO     | __main__ | run_demo:90 |   Снимок #42 сохранён
2026-04-15 12:01:59 | INFO     | __main__ | run_demo:97 |   Последняя цена iPhone 15: 51378.0₽
2026-04-15 12:02:00 | INFO     | __main__ | run_demo:82 | 
📅 День 11/30
2026-04-15 12:02:00 | INFO     | __main__ | run_demo:86 |   Сгенерировано 10 позиций
2026-04-15 12:02:00 | INFO     | price_database | save_snapshot:125 | Сохранён снимок #43: 10 позиций, 2026-04-15 12:02:00
2026-04-15 12:02:00 | INFO     | __main__ | run_demo:90 |   Снимок #43 сохранён
2026-04-15 12:02:00 | INFO     | __main__ | run_demo:97 |   Последняя цена iPhone 15: 52369.0₽
2026-04-15 12:02:01 | INFO     | __main__ | run_demo:82 | 
📅 День 12/30
2026-04-15 12:02:01 | INFO     | __main__ | run_demo:86 |   Сгенерировано 10 позиций
2026-04-15 12:02:02 | INFO     | price_database | save_snapshot:125 | Сохранён снимок #44: 10 позиций, 2026-04-15 12:02:01
2026-04-15 12:02:02 | INFO     | __main__ | run_demo:90 |   Снимок #44 сохранён
2026-04-15 12:02:02 | INFO     | __main__ | run_demo:97 |   Последняя цена iPhone 15: 51526.0₽
2026-04-15 12:02:03 | INFO     | __main__ | run_demo:82 | 
📅 День 13/30
2026-04-15 12:02:03 | INFO     | __main__ | run_demo:86 |   Сгенерировано 10 позиций
2026-04-15 12:02:03 | INFO     | price_database | save_snapshot:125 | Сохранён снимок #45: 10 позиций, 2026-04-15 12:02:03
2026-04-15 12:02:03 | INFO     | __main__ | run_demo:90 |   Снимок #45 сохранён
2026-04-15 12:02:03 | INFO     | __main__ | run_demo:97 |   Последняя цена iPhone 15: 52037.0₽
2026-04-15 12:02:04 | INFO     | __main__ | run_demo:82 | 
📅 День 14/30
2026-04-15 12:02:04 | INFO     | __main__ | run_demo:86 |   Сгенерировано 10 позиций
2026-04-15 12:02:04 | INFO     | price_database | save_snapshot:125 | Сохранён снимок #46: 10 позиций, 2026-04-15 12:02:04
2026-04-15 12:02:04 | INFO     | __main__ | run_demo:90 |   Снимок #46 сохранён
2026-04-15 12:02:04 | INFO     | __main__ | run_demo:97 |   Последняя цена iPhone 15: 52828.0₽
2026-04-15 12:02:05 | INFO     | __main__ | run_demo:82 | 
📅 День 15/30
2026-04-15 12:02:05 | INFO     | __main__ | run_demo:86 |   Сгенерировано 11 позиций
2026-04-15 12:02:05 | INFO     | price_database | save_snapshot:125 | Сохранён снимок #47: 11 позиций, 2026-04-15 12:02:05
2026-04-15 12:02:05 | INFO     | __main__ | run_demo:90 |   Снимок #47 сохранён
2026-04-15 12:02:05 | INFO     | __main__ | run_demo:97 |   Последняя цена iPhone 15: 52178.0₽
2026-04-15 12:02:06 | INFO     | __main__ | run_demo:82 | 
📅 День 16/30
2026-04-15 12:02:06 | INFO     | __main__ | run_demo:86 |   Сгенерировано 10 позиций
2026-04-15 12:02:06 | INFO     | price_database | save_snapshot:125 | Сохранён снимок #48: 10 позиций, 2026-04-15 12:02:06
2026-04-15 12:02:06 | INFO     | __main__ | run_demo:90 |   Снимок #48 сохранён
2026-04-15 12:02:06 | INFO     | __main__ | run_demo:97 |   Последняя цена iPhone 15: 50155.0₽
2026-04-15 12:02:07 | INFO     | __main__ | run_demo:82 | 
📅 День 17/30
2026-04-15 12:02:07 | INFO     | __main__ | run_demo:86 |   Сгенерировано 10 позиций
2026-04-15 12:02:07 | INFO     | price_database | save_snapshot:125 | Сохранён снимок #49: 10 позиций, 2026-04-15 12:02:07
2026-04-15 12:02:07 | INFO     | __main__ | run_demo:90 |   Снимок #49 сохранён
2026-04-15 12:02:07 | INFO     | __main__ | run_demo:97 |   Последняя цена iPhone 15: 52993.0₽
2026-04-15 12:02:08 | INFO     | __main__ | run_demo:82 | 
📅 День 18/30
2026-04-15 12:02:08 | INFO     | __main__ | run_demo:86 |   Сгенерировано 10 позиций
2026-04-15 12:02:08 | INFO     | price_database | save_snapshot:125 | Сохранён снимок #50: 10 позиций, 2026-04-15 12:02:08
2026-04-15 12:02:08 | INFO     | __main__ | run_demo:90 |   Снимок #50 сохранён
2026-04-15 12:02:08 | INFO     | __main__ | run_demo:97 |   Последняя цена iPhone 15: 50269.0₽
2026-04-15 12:02:09 | INFO     | __main__ | run_demo:82 | 
📅 День 19/30
2026-04-15 12:02:09 | INFO     | __main__ | run_demo:86 |   Сгенерировано 10 позиций
2026-04-15 12:02:09 | INFO     | price_database | save_snapshot:125 | Сохранён снимок #51: 10 позиций, 2026-04-15 12:02:09
2026-04-15 12:02:09 | INFO     | __main__ | run_demo:90 |   Снимок #51 сохранён
2026-04-15 12:02:09 | INFO     | __main__ | run_demo:97 |   Последняя цена iPhone 15: 50262.0₽
2026-04-15 12:02:10 | INFO     | __main__ | run_demo:82 | 
📅 День 20/30
2026-04-15 12:02:10 | INFO     | __main__ | run_demo:86 |   Сгенерировано 10 позиций
2026-04-15 12:02:10 | INFO     | price_database | save_snapshot:125 | Сохранён снимок #52: 10 позиций, 2026-04-15 12:02:10
2026-04-15 12:02:10 | INFO     | __main__ | run_demo:90 |   Снимок #52 сохранён
2026-04-15 12:02:10 | INFO     | __main__ | run_demo:97 |   Последняя цена iPhone 15: 50952.0₽
2026-04-15 12:02:11 | INFO     | __main__ | run_demo:82 | 
📅 День 21/30
2026-04-15 12:02:11 | INFO     | __main__ | run_demo:86 |   Сгенерировано 10 позиций
2026-04-15 12:02:11 | INFO     | price_database | save_snapshot:125 | Сохранён снимок #53: 10 позиций, 2026-04-15 12:02:11
2026-04-15 12:02:11 | INFO     | __main__ | run_demo:90 |   Снимок #53 сохранён
2026-04-15 12:02:11 | INFO     | __main__ | run_demo:97 |   Последняя цена iPhone 15: 51208.0₽
2026-04-15 12:02:12 | INFO     | __main__ | run_demo:82 | 
📅 День 22/30
2026-04-15 12:02:12 | INFO     | __main__ | run_demo:86 |   Сгенерировано 11 позиций
2026-04-15 12:02:12 | INFO     | price_database | save_snapshot:125 | Сохранён снимок #54: 11 позиций, 2026-04-15 12:02:12
2026-04-15 12:02:12 | INFO     | __main__ | run_demo:90 |   Снимок #54 сохранён
2026-04-15 12:02:12 | INFO     | __main__ | run_demo:97 |   Последняя цена iPhone 15: 52922.0₽
2026-04-15 12:02:13 | INFO     | __main__ | run_demo:82 | 
📅 День 23/30
2026-04-15 12:02:13 | INFO     | __main__ | run_demo:86 |   Сгенерировано 10 позиций
2026-04-15 12:02:13 | INFO     | price_database | save_snapshot:125 | Сохранён снимок #55: 10 позиций, 2026-04-15 12:02:13
2026-04-15 12:02:13 | INFO     | __main__ | run_demo:90 |   Снимок #55 сохранён
2026-04-15 12:02:13 | INFO     | __main__ | run_demo:97 |   Последняя цена iPhone 15: 53843.0₽
2026-04-15 12:02:14 | INFO     | __main__ | run_demo:82 | 
📅 День 24/30
2026-04-15 12:02:14 | INFO     | __main__ | run_demo:86 |   Сгенерировано 10 позиций
2026-04-15 12:02:14 | INFO     | price_database | save_snapshot:125 | Сохранён снимок #56: 10 позиций, 2026-04-15 12:02:14
2026-04-15 12:02:14 | INFO     | __main__ | run_demo:90 |   Снимок #56 сохранён
2026-04-15 12:02:14 | INFO     | __main__ | run_demo:97 |   Последняя цена iPhone 15: 50479.0₽
2026-04-15 12:02:15 | INFO     | __main__ | run_demo:82 | 
📅 День 25/30
2026-04-15 12:02:15 | INFO     | __main__ | run_demo:86 |   Сгенерировано 10 позиций
2026-04-15 12:02:15 | INFO     | price_database | save_snapshot:125 | Сохранён снимок #57: 10 позиций, 2026-04-15 12:02:15
2026-04-15 12:02:15 | INFO     | __main__ | run_demo:90 |   Снимок #57 сохранён
2026-04-15 12:02:15 | INFO     | __main__ | run_demo:97 |   Последняя цена iPhone 15: 53886.0₽
2026-04-15 12:02:16 | INFO     | __main__ | run_demo:82 | 
📅 День 26/30
2026-04-15 12:02:16 | INFO     | __main__ | run_demo:86 |   Сгенерировано 10 позиций
2026-04-15 12:02:16 | INFO     | price_database | save_snapshot:125 | Сохранён снимок #58: 10 позиций, 2026-04-15 12:02:16
2026-04-15 12:02:16 | INFO     | __main__ | run_demo:90 |   Снимок #58 сохранён
2026-04-15 12:02:16 | INFO     | __main__ | run_demo:97 |   Последняя цена iPhone 15: 51960.0₽
2026-04-15 12:02:17 | INFO     | __main__ | run_demo:82 | 
📅 День 27/30
2026-04-15 12:02:17 | INFO     | __main__ | run_demo:86 |   Сгенерировано 10 позиций
2026-04-15 12:02:17 | INFO     | price_database | save_snapshot:125 | Сохранён снимок #59: 10 позиций, 2026-04-15 12:02:17
2026-04-15 12:02:17 | INFO     | __main__ | run_demo:90 |   Снимок #59 сохранён
2026-04-15 12:02:17 | INFO     | __main__ | run_demo:97 |   Последняя цена iPhone 15: 52153.0₽
2026-04-15 12:02:18 | INFO     | __main__ | run_demo:82 | 
📅 День 28/30
2026-04-15 12:02:18 | INFO     | __main__ | run_demo:86 |   Сгенерировано 10 позиций
2026-04-15 12:02:18 | INFO     | price_database | save_snapshot:125 | Сохранён снимок #60: 10 позиций, 2026-04-15 12:02:18
2026-04-15 12:02:18 | INFO     | __main__ | run_demo:90 |   Снимок #60 сохранён
2026-04-15 12:02:18 | INFO     | __main__ | run_demo:97 |   Последняя цена iPhone 15: 52731.0₽
2026-04-15 12:02:19 | INFO     | __main__ | run_demo:82 | 
📅 День 29/30
2026-04-15 12:02:19 | INFO     | __main__ | run_demo:86 |   Сгенерировано 11 позиций
2026-04-15 12:02:19 | INFO     | price_database | save_snapshot:125 | Сохранён снимок #61: 11 позиций, 2026-04-15 12:02:19
2026-04-15 12:02:19 | INFO     | __main__ | run_demo:90 |   Снимок #61 сохранён
2026-04-15 12:02:19 | INFO     | __main__ | run_demo:97 |   Последняя цена iPhone 15: 53795.0₽
2026-04-15 12:02:20 | INFO     | __main__ | run_demo:82 | 
📅 День 30/30
2026-04-15 12:02:20 | INFO     | __main__ | run_demo:86 |   Сгенерировано 10 позиций
2026-04-15 12:02:20 | INFO     | price_database | save_snapshot:125 | Сохранён снимок #62: 10 позиций, 2026-04-15 12:02:20
2026-04-15 12:02:20 | INFO     | __main__ | run_demo:90 |   Снимок #62 сохранён
2026-04-15 12:02:20 | INFO     | __main__ | run_demo:97 |   Последняя цена iPhone 15: 53027.0₽
2026-04-15 12:02:21 | INFO     | __main__ | run_demo:105 | 
📊 Генерация отчёта за период...
2026-04-15 12:02:21 | INFO     | report_generator | generate_period_report:160 | Генерация отчёта за период: 2026-04-15 — 2026-04-15
2026-04-15 12:02:21 | INFO     | report_generator | _compare_snapshots:279 | Отчёт сформирован: ↑9 ↓1 —0 +0 -1
2026-04-15 12:02:21 | INFO     | __main__ | run_demo:113 | 
📊 <b>Отчёт об изменениях цен</b>
📅 Период: <b>2026-04-15</b> — <b>2026-04-15</b>
🕐 Сформирован: 2026-04-15T12:02:21

─────────────────
📦 Позиций на начало: <b>11</b>
📦 Позиций на конец: <b>10</b>

📈 <b>Выросли в цене (9)</b>
  • Google Pixel 8: 40208 → 43404 ₽ (+7.9%)
  • iPhone 15 Pro 256GB: 69376 → 74786 ₽ (+7.8%)
  • Samsung Galaxy S24: 44974 → 48281 ₽ (+7.4%)
  • OnePlus 12: 38804 → 41540 ₽ (+7.1%)
  • Samsung Galaxy S24 Ultra: 64266 → 68762 ₽ (+7.0%)
  • iPhone 15 128GB: 49623 → 53027 ₽ (+6.9%)
  • Google Pixel 8 Pro: 53279 → 56869 ₽ (+6.7%)
  • Xiaomi 14: 35713 → 36586 ₽ (+2.4%)
  • iPhone 15 Pro Max 512GB: 89641 → 91831 ₽ (+2.4%)

📉 <b>Упали в цене (1)</b>
  • Xiaomi 14 Pro: 43969 → 43332 ₽ (-1.4%)

❌ <b>Исчезли (1)</b>
  • AirPods Pro 2 (было: 14802 ₽)

─────────────────
📋 <i>Полный отчёт доступен в веб-интерфейсе</i>
2026-04-15 12:02:21 | INFO     | __main__ | run_demo:117 | 
📁 Статистика базы:
2026-04-15 12:02:21 | INFO     | __main__ | run_demo:118 |   Снимков: 62
2026-04-15 12:02:21 | INFO     | __main__ | run_demo:119 |   Позиций: 631
2026-04-15 12:02:21 | INFO     | __main__ | run_demo:120 |   Размер БД: 0.08 МБ
2026-04-15 12:02:21 | INFO     | __main__ | run_demo:122 | 
✅ Демо завершено!
2026-04-15 12:02:21 | INFO     | __main__ | run_demo:123 | Теперь можно запустить полноценный сервер: python main.py
2026-04-15 12:02:46 | DEBUG    | asyncio | __init__:64 | Using selector: KqueueSelector
2026-04-15 12:02:46 | INFO     | price_database | _init_db:75 | База данных инициализирована
2026-04-15 12:02:46 | DEBUG    | tzlocal | _get_localzone_name:120 | /etc/localtime found
2026-04-15 12:02:46 | DEBUG    | tzlocal | _get_localzone_name:136 | 1 found:
 {'/etc/localtime is a symlink to': 'Europe/Moscow'}
2026-04-15 12:02:46 | INFO     | apscheduler.scheduler | add_job:454 | Adding job tentatively -- it will be properly scheduled when the scheduler starts
2026-04-15 12:02:46 | INFO     | apscheduler.scheduler | add_job:454 | Adding job tentatively -- it will be properly scheduled when the scheduler starts
2026-04-15 12:02:46 | INFO     | apscheduler.scheduler | add_job:454 | Adding job tentatively -- it will be properly scheduled when the scheduler starts
2026-04-15 12:02:46 | INFO     | apscheduler.scheduler | add_job:454 | Adding job tentatively -- it will be properly scheduled when the scheduler starts
2026-04-15 12:02:46 | INFO     | apscheduler.scheduler | add_job:454 | Adding job tentatively -- it will be properly scheduled when the scheduler starts
2026-04-15 12:02:46 | INFO     | apscheduler.scheduler | add_job:454 | Adding job tentatively -- it will be properly scheduled when the scheduler starts
2026-04-15 12:02:46 | INFO     | apscheduler.scheduler | add_job:454 | Adding job tentatively -- it will be properly scheduled when the scheduler starts
2026-04-15 12:02:46 | INFO     | apscheduler.scheduler | add_job:454 | Adding job tentatively -- it will be properly scheduled when the scheduler starts
2026-04-15 12:02:46 | INFO     | apscheduler.scheduler | add_job:454 | Adding job tentatively -- it will be properly scheduled when the scheduler starts
2026-04-15 12:02:46 | INFO     | apscheduler.scheduler | _real_add_job:895 | Added job "PriceUpdater.update_price" to job store "default"
2026-04-15 12:02:46 | INFO     | apscheduler.scheduler | _real_add_job:895 | Added job "PriceUpdater.update_price" to job store "default"
2026-04-15 12:02:46 | INFO     | apscheduler.scheduler | _real_add_job:895 | Added job "PriceUpdater.update_price" to job store "default"
2026-04-15 12:02:46 | INFO     | apscheduler.scheduler | _real_add_job:895 | Added job "PriceUpdater.update_price" to job store "default"
2026-04-15 12:02:46 | INFO     | apscheduler.scheduler | _real_add_job:895 | Added job "PriceUpdater.update_price" to job store "default"
2026-04-15 12:02:46 | INFO     | apscheduler.scheduler | _real_add_job:895 | Added job "PriceUpdater.update_price" to job store "default"
2026-04-15 12:02:46 | INFO     | apscheduler.scheduler | _real_add_job:895 | Added job "PriceUpdater.update_price" to job store "default"
2026-04-15 12:02:46 | INFO     | apscheduler.scheduler | _real_add_job:895 | Added job "PriceUpdater.update_price" to job store "default"
2026-04-15 12:02:46 | INFO     | apscheduler.scheduler | _real_add_job:895 | Added job "PriceUpdater.update_price" to job store "default"
2026-04-15 12:02:46 | INFO     | apscheduler.scheduler | start:181 | Scheduler started
2026-04-15 12:02:46 | INFO     | __main__ | start:226 | ==================================================
2026-04-15 12:02:46 | INFO     | __main__ | start:227 | Price Updater запущен!
2026-04-15 12:02:46 | INFO     | __main__ | start:228 | Расписание: с 11:30 до 19:30
2026-04-15 12:02:46 | INFO     | __main__ | start:229 | Следующие job'ы: ["cron[hour='13', minute='0']", "cron[hour='14', minute='0']", "cron[hour='15', minute='0']", "cron[hour='16', minute='0']", "cron[hour='17', minute='0']", "cron[hour='18', minute='0']", "cron[hour='19', minute='30']", "cron[hour='11', minute='30']", "cron[hour='12', minute='0']"]
2026-04-15 12:02:46 | INFO     | __main__ | start:230 | Веб-интерфейс: http://localhost:8000
2026-04-15 12:02:46 | INFO     | __main__ | start:231 | ==================================================
2026-04-15 12:02:46 | INFO     | web_server | lifespan:63 | Веб-сервер запущен
2026-04-15 12:03:11 | INFO     | price_database | _init_db:75 | База данных инициализирована
2026-04-15 13:00:00 | INFO     | apscheduler.executors.default | run_coroutine_job:28 | Running job "PriceUpdater.update_price (trigger: cron[hour='13', minute='0'], next run at: 2026-04-16 13:00:00 MSK)" (scheduled at 2026-04-15 13:00:00+03:00)
2026-04-15 13:00:00 | INFO     | __main__ | update_price:64 | Запуск обновления прайса...
2026-04-15 13:00:00 | INFO     | __main__ | update_price:128 | Найдено позиций: 4
2026-04-15 13:00:00 | INFO     | __main__ | update_price:137 | Наценка применена: 100
2026-04-15 13:00:00 | INFO     | price_database | save_snapshot:125 | Сохранён снимок #63: 4 позиций, 2026-04-15 13:00:00
2026-04-15 13:00:00 | INFO     | __main__ | update_price:142 | Снимок #63 сохранён в SQLite
2026-04-15 13:00:01 | ERROR    | __main__ | update_price:159 | Ошибка при обновлении прайса: Cannot connect to host api.telegram.org:443 ssl:True [SSLCertVerificationError: (1, '[SSL: CERTIFICATE_VERIFY_FAILED] certificate verify failed: self-signed certificate in certificate chain (_ssl.c:1000)')]
Traceback (most recent call last):
  File "/Users/shavlak/Library/Python/3.12/lib/python/site-packages/aiohttp/connector.py", line 992, in _wrap_create_connection
    return await self._loop.create_connection(*args, **kwargs)
           ^^^^^^^^^^^^^^^^^^^^^^^^^^^^^^^^^^^^^^^^^^^^^^^^^^^
  File "/Library/Frameworks/Python.framework/Versions/3.12/lib/python3.12/asyncio/base_events.py", line 1126, in create_connection
    transport, protocol = await self._create_connection_transport(
                          ^^^^^^^^^^^^^^^^^^^^^^^^^^^^^^^^^^^^^^^^
  File "/Library/Frameworks/Python.framework/Versions/3.12/lib/python3.12/asyncio/base_events.py", line 1159, in _create_connection_transport
    await waiter
  File "/Library/Frameworks/Python.framework/Versions/3.12/lib/python3.12/asyncio/sslproto.py", line 575, in _on_handshake_complete
    raise handshake_exc
  File "/Library/Frameworks/Python.framework/Versions/3.12/lib/python3.12/asyncio/sslproto.py", line 557, in _do_handshake
    self._sslobj.do_handshake()
  File "/Library/Frameworks/Python.framework/Versions/3.12/lib/python3.12/ssl.py", line 917, in do_handshake
    self._sslobj.do_handshake()
ssl.SSLCertVerificationError: [SSL: CERTIFICATE_VERIFY_FAILED] certificate verify failed: self-signed certificate in certificate chain (_ssl.c:1000)

The above exception was the direct cause of the following exception:

Traceback (most recent call last):
  File "/Users/shavlak/Desktop/Project/price-updater/main.py", line 152, in update_price
    self.message_id = await self.publisher.send_price_list(prices)
                      ^^^^^^^^^^^^^^^^^^^^^^^^^^^^^^^^^^^^^^^^^^^^
  File "/Users/shavlak/Desktop/Project/price-updater/telegram_channel.py", line 35, in send_price_list
    async with session.post(url, json=data) as response:
  File "/Users/shavlak/Library/Python/3.12/lib/python/site-packages/aiohttp/client.py", line 1187, in __aenter__
    self._resp = await self._coro
                 ^^^^^^^^^^^^^^^^
  File "/Users/shavlak/Library/Python/3.12/lib/python/site-packages/aiohttp/client.py", line 574, in _request
    conn = await self._connector.connect(
           ^^^^^^^^^^^^^^^^^^^^^^^^^^^^^^
  File "/Users/shavlak/Library/Python/3.12/lib/python/site-packages/aiohttp/connector.py", line 544, in connect
    proto = await self._create_connection(req, traces, timeout)
            ^^^^^^^^^^^^^^^^^^^^^^^^^^^^^^^^^^^^^^^^^^^^^^^^^^^
  File "/Users/shavlak/Library/Python/3.12/lib/python/site-packages/aiohttp/connector.py", line 911, in _create_connection
    _, proto = await self._create_direct_connection(req, traces, timeout)
               ^^^^^^^^^^^^^^^^^^^^^^^^^^^^^^^^^^^^^^^^^^^^^^^^^^^^^^^^^^
  File "/Users/shavlak/Library/Python/3.12/lib/python/site-packages/aiohttp/connector.py", line 1235, in _create_direct_connection
    raise last_exc
  File "/Users/shavlak/Library/Python/3.12/lib/python/site-packages/aiohttp/connector.py", line 1204, in _create_direct_connection
    transp, proto = await self._wrap_create_connection(
                    ^^^^^^^^^^^^^^^^^^^^^^^^^^^^^^^^^^^
  File "/Users/shavlak/Library/Python/3.12/lib/python/site-packages/aiohttp/connector.py", line 994, in _wrap_create_connection
    raise ClientConnectorCertificateError(req.connection_key, exc) from exc
aiohttp.client_exceptions.ClientConnectorCertificateError: Cannot connect to host api.telegram.org:443 ssl:True [SSLCertVerificationError: (1, '[SSL: CERTIFICATE_VERIFY_FAILED] certificate verify failed: self-signed certificate in certificate chain (_ssl.c:1000)')]
2026-04-15 13:00:01 | INFO     | apscheduler.executors.default | run_coroutine_job:41 | Job "PriceUpdater.update_price (trigger: cron[hour='13', minute='0'], next run at: 2026-04-16 13:00:00 MSK)" executed successfully
2026-04-15 14:00:00 | INFO     | apscheduler.executors.default | run_coroutine_job:28 | Running job "PriceUpdater.update_price (trigger: cron[hour='14', minute='0'], next run at: 2026-04-16 14:00:00 MSK)" (scheduled at 2026-04-15 14:00:00+03:00)
2026-04-15 14:00:00 | INFO     | __main__ | update_price:64 | Запуск обновления прайса...
2026-04-15 14:00:00 | INFO     | __main__ | update_price:128 | Найдено позиций: 4
2026-04-15 14:00:00 | INFO     | __main__ | update_price:137 | Наценка применена: 100
2026-04-15 14:00:00 | INFO     | price_database | save_snapshot:125 | Сохранён снимок #64: 4 позиций, 2026-04-15 14:00:00
2026-04-15 14:00:00 | INFO     | __main__ | update_price:142 | Снимок #64 сохранён в SQLite
2026-04-15 14:00:01 | ERROR    | __main__ | update_price:159 | Ошибка при обновлении прайса: Cannot connect to host api.telegram.org:443 ssl:True [SSLCertVerificationError: (1, '[SSL: CERTIFICATE_VERIFY_FAILED] certificate verify failed: self-signed certificate in certificate chain (_ssl.c:1000)')]
Traceback (most recent call last):
  File "/Users/shavlak/Library/Python/3.12/lib/python/site-packages/aiohttp/connector.py", line 992, in _wrap_create_connection
    return await self._loop.create_connection(*args, **kwargs)
           ^^^^^^^^^^^^^^^^^^^^^^^^^^^^^^^^^^^^^^^^^^^^^^^^^^^
  File "/Library/Frameworks/Python.framework/Versions/3.12/lib/python3.12/asyncio/base_events.py", line 1126, in create_connection
    transport, protocol = await self._create_connection_transport(
                          ^^^^^^^^^^^^^^^^^^^^^^^^^^^^^^^^^^^^^^^^
  File "/Library/Frameworks/Python.framework/Versions/3.12/lib/python3.12/asyncio/base_events.py", line 1159, in _create_connection_transport
    await waiter
  File "/Library/Frameworks/Python.framework/Versions/3.12/lib/python3.12/asyncio/sslproto.py", line 575, in _on_handshake_complete
    raise handshake_exc
  File "/Library/Frameworks/Python.framework/Versions/3.12/lib/python3.12/asyncio/sslproto.py", line 557, in _do_handshake
    self._sslobj.do_handshake()
  File "/Library/Frameworks/Python.framework/Versions/3.12/lib/python3.12/ssl.py", line 917, in do_handshake
    self._sslobj.do_handshake()
ssl.SSLCertVerificationError: [SSL: CERTIFICATE_VERIFY_FAILED] certificate verify failed: self-signed certificate in certificate chain (_ssl.c:1000)

The above exception was the direct cause of the following exception:

Traceback (most recent call last):
  File "/Users/shavlak/Desktop/Project/price-updater/main.py", line 152, in update_price
    self.message_id = await self.publisher.send_price_list(prices)
                      ^^^^^^^^^^^^^^^^^^^^^^^^^^^^^^^^^^^^^^^^^^^^
  File "/Users/shavlak/Desktop/Project/price-updater/telegram_channel.py", line 35, in send_price_list
    async with session.post(url, json=data) as response:
  File "/Users/shavlak/Library/Python/3.12/lib/python/site-packages/aiohttp/client.py", line 1187, in __aenter__
    self._resp = await self._coro
                 ^^^^^^^^^^^^^^^^
  File "/Users/shavlak/Library/Python/3.12/lib/python/site-packages/aiohttp/client.py", line 574, in _request
    conn = await self._connector.connect(
           ^^^^^^^^^^^^^^^^^^^^^^^^^^^^^^
  File "/Users/shavlak/Library/Python/3.12/lib/python/site-packages/aiohttp/connector.py", line 544, in connect
    proto = await self._create_connection(req, traces, timeout)
            ^^^^^^^^^^^^^^^^^^^^^^^^^^^^^^^^^^^^^^^^^^^^^^^^^^^
  File "/Users/shavlak/Library/Python/3.12/lib/python/site-packages/aiohttp/connector.py", line 911, in _create_connection
    _, proto = await self._create_direct_connection(req, traces, timeout)
               ^^^^^^^^^^^^^^^^^^^^^^^^^^^^^^^^^^^^^^^^^^^^^^^^^^^^^^^^^^
  File "/Users/shavlak/Library/Python/3.12/lib/python/site-packages/aiohttp/connector.py", line 1235, in _create_direct_connection
    raise last_exc
  File "/Users/shavlak/Library/Python/3.12/lib/python/site-packages/aiohttp/connector.py", line 1204, in _create_direct_connection
    transp, proto = await self._wrap_create_connection(
                    ^^^^^^^^^^^^^^^^^^^^^^^^^^^^^^^^^^^
  File "/Users/shavlak/Library/Python/3.12/lib/python/site-packages/aiohttp/connector.py", line 994, in _wrap_create_connection
    raise ClientConnectorCertificateError(req.connection_key, exc) from exc
aiohttp.client_exceptions.ClientConnectorCertificateError: Cannot connect to host api.telegram.org:443 ssl:True [SSLCertVerificationError: (1, '[SSL: CERTIFICATE_VERIFY_FAILED] certificate verify failed: self-signed certificate in certificate chain (_ssl.c:1000)')]
2026-04-15 14:00:01 | INFO     | apscheduler.executors.default | run_coroutine_job:41 | Job "PriceUpdater.update_price (trigger: cron[hour='14', minute='0'], next run at: 2026-04-16 14:00:00 MSK)" executed successfully
2026-04-15 15:56:08 | WARNING  | apscheduler.executors.default | run_coroutine_job:25 | Run time of job "PriceUpdater.update_price (trigger: cron[hour='15', minute='0'], next run at: 2026-04-16 15:00:00 MSK)" was missed by 0:56:08.054305
2026-04-15 16:00:00 | INFO     | apscheduler.executors.default | run_coroutine_job:28 | Running job "PriceUpdater.update_price (trigger: cron[hour='16', minute='0'], next run at: 2026-04-16 16:00:00 MSK)" (scheduled at 2026-04-15 16:00:00+03:00)
2026-04-15 16:00:00 | INFO     | __main__ | update_price:64 | Запуск обновления прайса...
2026-04-15 16:00:00 | INFO     | __main__ | update_price:128 | Найдено позиций: 4
2026-04-15 16:00:00 | INFO     | __main__ | update_price:137 | Наценка применена: 100
2026-04-15 16:00:00 | INFO     | price_database | save_snapshot:125 | Сохранён снимок #65: 4 позиций, 2026-04-15 16:00:00
2026-04-15 16:00:00 | INFO     | __main__ | update_price:142 | Снимок #65 сохранён в SQLite
2026-04-15 16:00:01 | ERROR    | __main__ | update_price:159 | Ошибка при обновлении прайса: Cannot connect to host api.telegram.org:443 ssl:True [SSLCertVerificationError: (1, '[SSL: CERTIFICATE_VERIFY_FAILED] certificate verify failed: self-signed certificate in certificate chain (_ssl.c:1000)')]
Traceback (most recent call last):
  File "/Users/shavlak/Library/Python/3.12/lib/python/site-packages/aiohttp/connector.py", line 992, in _wrap_create_connection
    return await self._loop.create_connection(*args, **kwargs)
           ^^^^^^^^^^^^^^^^^^^^^^^^^^^^^^^^^^^^^^^^^^^^^^^^^^^
  File "/Library/Frameworks/Python.framework/Versions/3.12/lib/python3.12/asyncio/base_events.py", line 1126, in create_connection
    transport, protocol = await self._create_connection_transport(
                          ^^^^^^^^^^^^^^^^^^^^^^^^^^^^^^^^^^^^^^^^
  File "/Library/Frameworks/Python.framework/Versions/3.12/lib/python3.12/asyncio/base_events.py", line 1159, in _create_connection_transport
    await waiter
  File "/Library/Frameworks/Python.framework/Versions/3.12/lib/python3.12/asyncio/sslproto.py", line 575, in _on_handshake_complete
    raise handshake_exc
  File "/Library/Frameworks/Python.framework/Versions/3.12/lib/python3.12/asyncio/sslproto.py", line 557, in _do_handshake
    self._sslobj.do_handshake()
  File "/Library/Frameworks/Python.framework/Versions/3.12/lib/python3.12/ssl.py", line 917, in do_handshake
    self._sslobj.do_handshake()
ssl.SSLCertVerificationError: [SSL: CERTIFICATE_VERIFY_FAILED] certificate verify failed: self-signed certificate in certificate chain (_ssl.c:1000)

The above exception was the direct cause of the following exception:

Traceback (most recent call last):
  File "/Users/shavlak/Desktop/Project/price-updater/main.py", line 152, in update_price
    self.message_id = await self.publisher.send_price_list(prices)
                      ^^^^^^^^^^^^^^^^^^^^^^^^^^^^^^^^^^^^^^^^^^^^
  File "/Users/shavlak/Desktop/Project/price-updater/telegram_channel.py", line 35, in send_price_list
    async with session.post(url, json=data) as response:
  File "/Users/shavlak/Library/Python/3.12/lib/python/site-packages/aiohttp/client.py", line 1187, in __aenter__
    self._resp = await self._coro
                 ^^^^^^^^^^^^^^^^
  File "/Users/shavlak/Library/Python/3.12/lib/python/site-packages/aiohttp/client.py", line 574, in _request
    conn = await self._connector.connect(
           ^^^^^^^^^^^^^^^^^^^^^^^^^^^^^^
  File "/Users/shavlak/Library/Python/3.12/lib/python/site-packages/aiohttp/connector.py", line 544, in connect
    proto = await self._create_connection(req, traces, timeout)
            ^^^^^^^^^^^^^^^^^^^^^^^^^^^^^^^^^^^^^^^^^^^^^^^^^^^
  File "/Users/shavlak/Library/Python/3.12/lib/python/site-packages/aiohttp/connector.py", line 911, in _create_connection
    _, proto = await self._create_direct_connection(req, traces, timeout)
               ^^^^^^^^^^^^^^^^^^^^^^^^^^^^^^^^^^^^^^^^^^^^^^^^^^^^^^^^^^
  File "/Users/shavlak/Library/Python/3.12/lib/python/site-packages/aiohttp/connector.py", line 1235, in _create_direct_connection
    raise last_exc
  File "/Users/shavlak/Library/Python/3.12/lib/python/site-packages/aiohttp/connector.py", line 1204, in _create_direct_connection
    transp, proto = await self._wrap_create_connection(
                    ^^^^^^^^^^^^^^^^^^^^^^^^^^^^^^^^^^^
  File "/Users/shavlak/Library/Python/3.12/lib/python/site-packages/aiohttp/connector.py", line 994, in _wrap_create_connection
    raise ClientConnectorCertificateError(req.connection_key, exc) from exc
aiohttp.client_exceptions.ClientConnectorCertificateError: Cannot connect to host api.telegram.org:443 ssl:True [SSLCertVerificationError: (1, '[SSL: CERTIFICATE_VERIFY_FAILED] certificate verify failed: self-signed certificate in certificate chain (_ssl.c:1000)')]
2026-04-15 16:00:01 | INFO     | apscheduler.executors.default | run_coroutine_job:41 | Job "PriceUpdater.update_price (trigger: cron[hour='16', minute='0'], next run at: 2026-04-16 16:00:00 MSK)" executed successfully
2026-04-15 17:02:16 | WARNING  | apscheduler.executors.default | run_coroutine_job:25 | Run time of job "PriceUpdater.update_price (trigger: cron[hour='17', minute='0'], next run at: 2026-04-16 17:00:00 MSK)" was missed by 0:02:16.905978
2026-04-15 18:00:00 | INFO     | apscheduler.executors.default | run_coroutine_job:28 | Running job "PriceUpdater.update_price (trigger: cron[hour='18', minute='0'], next run at: 2026-04-16 18:00:00 MSK)" (scheduled at 2026-04-15 18:00:00+03:00)
2026-04-15 18:00:00 | INFO     | __main__ | update_price:64 | Запуск обновления прайса...
2026-04-15 18:00:00 | INFO     | __main__ | update_price:128 | Найдено позиций: 4
2026-04-15 18:00:00 | INFO     | __main__ | update_price:137 | Наценка применена: 100
2026-04-15 18:00:00 | INFO     | price_database | save_snapshot:125 | Сохранён снимок #66: 4 позиций, 2026-04-15 18:00:00
2026-04-15 18:00:00 | INFO     | __main__ | update_price:142 | Снимок #66 сохранён в SQLite
2026-04-15 18:00:00 | ERROR    | __main__ | update_price:159 | Ошибка при обновлении прайса: Cannot connect to host api.telegram.org:443 ssl:True [SSLCertVerificationError: (1, '[SSL: CERTIFICATE_VERIFY_FAILED] certificate verify failed: self-signed certificate in certificate chain (_ssl.c:1000)')]
Traceback (most recent call last):
  File "/Users/shavlak/Library/Python/3.12/lib/python/site-packages/aiohttp/connector.py", line 992, in _wrap_create_connection
    return await self._loop.create_connection(*args, **kwargs)
           ^^^^^^^^^^^^^^^^^^^^^^^^^^^^^^^^^^^^^^^^^^^^^^^^^^^
  File "/Library/Frameworks/Python.framework/Versions/3.12/lib/python3.12/asyncio/base_events.py", line 1126, in create_connection
    transport, protocol = await self._create_connection_transport(
                          ^^^^^^^^^^^^^^^^^^^^^^^^^^^^^^^^^^^^^^^^
  File "/Library/Frameworks/Python.framework/Versions/3.12/lib/python3.12/asyncio/base_events.py", line 1159, in _create_connection_transport
    await waiter
  File "/Library/Frameworks/Python.framework/Versions/3.12/lib/python3.12/asyncio/sslproto.py", line 575, in _on_handshake_complete
    raise handshake_exc
  File "/Library/Frameworks/Python.framework/Versions/3.12/lib/python3.12/asyncio/sslproto.py", line 557, in _do_handshake
    self._sslobj.do_handshake()
  File "/Library/Frameworks/Python.framework/Versions/3.12/lib/python3.12/ssl.py", line 917, in do_handshake
    self._sslobj.do_handshake()
ssl.SSLCertVerificationError: [SSL: CERTIFICATE_VERIFY_FAILED] certificate verify failed: self-signed certificate in certificate chain (_ssl.c:1000)

The above exception was the direct cause of the following exception:

Traceback (most recent call last):
  File "/Users/shavlak/Desktop/Project/price-updater/main.py", line 152, in update_price
    self.message_id = await self.publisher.send_price_list(prices)
                      ^^^^^^^^^^^^^^^^^^^^^^^^^^^^^^^^^^^^^^^^^^^^
  File "/Users/shavlak/Desktop/Project/price-updater/telegram_channel.py", line 35, in send_price_list
    async with session.post(url, json=data) as response:
  File "/Users/shavlak/Library/Python/3.12/lib/python/site-packages/aiohttp/client.py", line 1187, in __aenter__
    self._resp = await self._coro
                 ^^^^^^^^^^^^^^^^
  File "/Users/shavlak/Library/Python/3.12/lib/python/site-packages/aiohttp/client.py", line 574, in _request
    conn = await self._connector.connect(
           ^^^^^^^^^^^^^^^^^^^^^^^^^^^^^^
  File "/Users/shavlak/Library/Python/3.12/lib/python/site-packages/aiohttp/connector.py", line 544, in connect
    proto = await self._create_connection(req, traces, timeout)
            ^^^^^^^^^^^^^^^^^^^^^^^^^^^^^^^^^^^^^^^^^^^^^^^^^^^
  File "/Users/shavlak/Library/Python/3.12/lib/python/site-packages/aiohttp/connector.py", line 911, in _create_connection
    _, proto = await self._create_direct_connection(req, traces, timeout)
               ^^^^^^^^^^^^^^^^^^^^^^^^^^^^^^^^^^^^^^^^^^^^^^^^^^^^^^^^^^
  File "/Users/shavlak/Library/Python/3.12/lib/python/site-packages/aiohttp/connector.py", line 1235, in _create_direct_connection
    raise last_exc
  File "/Users/shavlak/Library/Python/3.12/lib/python/site-packages/aiohttp/connector.py", line 1204, in _create_direct_connection
    transp, proto = await self._wrap_create_connection(
                    ^^^^^^^^^^^^^^^^^^^^^^^^^^^^^^^^^^^
  File "/Users/shavlak/Library/Python/3.12/lib/python/site-packages/aiohttp/connector.py", line 994, in _wrap_create_connection
    raise ClientConnectorCertificateError(req.connection_key, exc) from exc
aiohttp.client_exceptions.ClientConnectorCertificateError: Cannot connect to host api.telegram.org:443 ssl:True [SSLCertVerificationError: (1, '[SSL: CERTIFICATE_VERIFY_FAILED] certificate verify failed: self-signed certificate in certificate chain (_ssl.c:1000)')]
2026-04-15 18:00:00 | INFO     | apscheduler.executors.default | run_coroutine_job:41 | Job "PriceUpdater.update_price (trigger: cron[hour='18', minute='0'], next run at: 2026-04-16 18:00:00 MSK)" executed successfully
2026-04-15 19:30:00 | INFO     | apscheduler.executors.default | run_coroutine_job:28 | Running job "PriceUpdater.update_price (trigger: cron[hour='19', minute='30'], next run at: 2026-04-16 19:30:00 MSK)" (scheduled at 2026-04-15 19:30:00+03:00)
2026-04-15 19:30:00 | INFO     | __main__ | update_price:64 | Запуск обновления прайса...
2026-04-15 19:30:00 | INFO     | __main__ | update_price:128 | Найдено позиций: 4
2026-04-15 19:30:00 | INFO     | __main__ | update_price:137 | Наценка применена: 100
2026-04-15 19:30:00 | INFO     | price_database | save_snapshot:125 | Сохранён снимок #67: 4 позиций, 2026-04-15 19:30:00
2026-04-15 19:30:00 | INFO     | __main__ | update_price:142 | Снимок #67 сохранён в SQLite
2026-04-15 19:30:01 | ERROR    | __main__ | update_price:159 | Ошибка при обновлении прайса: Cannot connect to host api.telegram.org:443 ssl:True [SSLCertVerificationError: (1, '[SSL: CERTIFICATE_VERIFY_FAILED] certificate verify failed: self-signed certificate in certificate chain (_ssl.c:1000)')]
Traceback (most recent call last):
  File "/Users/shavlak/Library/Python/3.12/lib/python/site-packages/aiohttp/connector.py", line 992, in _wrap_create_connection
    return await self._loop.create_connection(*args, **kwargs)
           ^^^^^^^^^^^^^^^^^^^^^^^^^^^^^^^^^^^^^^^^^^^^^^^^^^^
  File "/Library/Frameworks/Python.framework/Versions/3.12/lib/python3.12/asyncio/base_events.py", line 1126, in create_connection
    transport, protocol = await self._create_connection_transport(
                          ^^^^^^^^^^^^^^^^^^^^^^^^^^^^^^^^^^^^^^^^
  File "/Library/Frameworks/Python.framework/Versions/3.12/lib/python3.12/asyncio/base_events.py", line 1159, in _create_connection_transport
    await waiter
  File "/Library/Frameworks/Python.framework/Versions/3.12/lib/python3.12/asyncio/sslproto.py", line 575, in _on_handshake_complete
    raise handshake_exc
  File "/Library/Frameworks/Python.framework/Versions/3.12/lib/python3.12/asyncio/sslproto.py", line 557, in _do_handshake
    self._sslobj.do_handshake()
  File "/Library/Frameworks/Python.framework/Versions/3.12/lib/python3.12/ssl.py", line 917, in do_handshake
    self._sslobj.do_handshake()
ssl.SSLCertVerificationError: [SSL: CERTIFICATE_VERIFY_FAILED] certificate verify failed: self-signed certificate in certificate chain (_ssl.c:1000)

The above exception was the direct cause of the following exception:

Traceback (most recent call last):
  File "/Users/shavlak/Desktop/Project/price-updater/main.py", line 152, in update_price
    self.message_id = await self.publisher.send_price_list(prices)
                      ^^^^^^^^^^^^^^^^^^^^^^^^^^^^^^^^^^^^^^^^^^^^
  File "/Users/shavlak/Desktop/Project/price-updater/telegram_channel.py", line 35, in send_price_list
    async with session.post(url, json=data) as response:
  File "/Users/shavlak/Library/Python/3.12/lib/python/site-packages/aiohttp/client.py", line 1187, in __aenter__
    self._resp = await self._coro
                 ^^^^^^^^^^^^^^^^
  File "/Users/shavlak/Library/Python/3.12/lib/python/site-packages/aiohttp/client.py", line 574, in _request
    conn = await self._connector.connect(
           ^^^^^^^^^^^^^^^^^^^^^^^^^^^^^^
  File "/Users/shavlak/Library/Python/3.12/lib/python/site-packages/aiohttp/connector.py", line 544, in connect
    proto = await self._create_connection(req, traces, timeout)
            ^^^^^^^^^^^^^^^^^^^^^^^^^^^^^^^^^^^^^^^^^^^^^^^^^^^
  File "/Users/shavlak/Library/Python/3.12/lib/python/site-packages/aiohttp/connector.py", line 911, in _create_connection
    _, proto = await self._create_direct_connection(req, traces, timeout)
               ^^^^^^^^^^^^^^^^^^^^^^^^^^^^^^^^^^^^^^^^^^^^^^^^^^^^^^^^^^
  File "/Users/shavlak/Library/Python/3.12/lib/python/site-packages/aiohttp/connector.py", line 1235, in _create_direct_connection
    raise last_exc
  File "/Users/shavlak/Library/Python/3.12/lib/python/site-packages/aiohttp/connector.py", line 1204, in _create_direct_connection
    transp, proto = await self._wrap_create_connection(
                    ^^^^^^^^^^^^^^^^^^^^^^^^^^^^^^^^^^^
  File "/Users/shavlak/Library/Python/3.12/lib/python/site-packages/aiohttp/connector.py", line 994, in _wrap_create_connection
    raise ClientConnectorCertificateError(req.connection_key, exc) from exc
aiohttp.client_exceptions.ClientConnectorCertificateError: Cannot connect to host api.telegram.org:443 ssl:True [SSLCertVerificationError: (1, '[SSL: CERTIFICATE_VERIFY_FAILED] certificate verify failed: self-signed certificate in certificate chain (_ssl.c:1000)')]
2026-04-15 19:30:01 | INFO     | apscheduler.executors.default | run_coroutine_job:41 | Job "PriceUpdater.update_price (trigger: cron[hour='19', minute='30'], next run at: 2026-04-16 19:30:00 MSK)" executed successfully
2026-04-16 23:44:40 | WARNING  | apscheduler.executors.default | run_coroutine_job:25 | Run time of job "PriceUpdater.update_price (trigger: cron[hour='11', minute='30'], next run at: 2026-04-17 11:30:00 MSK)" was missed by 12:14:40.416019
2026-04-16 23:44:40 | WARNING  | apscheduler.executors.default | run_coroutine_job:25 | Run time of job "PriceUpdater.update_price (trigger: cron[hour='12', minute='0'], next run at: 2026-04-17 12:00:00 MSK)" was missed by 11:44:40.426275
2026-04-16 23:44:40 | WARNING  | apscheduler.executors.default | run_coroutine_job:25 | Run time of job "PriceUpdater.update_price (trigger: cron[hour='13', minute='0'], next run at: 2026-04-17 13:00:00 MSK)" was missed by 10:44:40.426591
2026-04-16 23:44:40 | WARNING  | apscheduler.executors.default | run_coroutine_job:25 | Run time of job "PriceUpdater.update_price (trigger: cron[hour='14', minute='0'], next run at: 2026-04-17 14:00:00 MSK)" was missed by 9:44:40.427199
2026-04-16 23:44:40 | WARNING  | apscheduler.executors.default | run_coroutine_job:25 | Run time of job "PriceUpdater.update_price (trigger: cron[hour='15', minute='0'], next run at: 2026-04-17 15:00:00 MSK)" was missed by 8:44:40.427460
2026-04-16 23:44:40 | WARNING  | apscheduler.executors.default | run_coroutine_job:25 | Run time of job "PriceUpdater.update_price (trigger: cron[hour='16', minute='0'], next run at: 2026-04-17 16:00:00 MSK)" was missed by 7:44:40.428010
2026-04-16 23:44:40 | WARNING  | apscheduler.executors.default | run_coroutine_job:25 | Run time of job "PriceUpdater.update_price (trigger: cron[hour='17', minute='0'], next run at: 2026-04-17 17:00:00 MSK)" was missed by 6:44:40.428519
2026-04-16 23:44:40 | WARNING  | apscheduler.executors.default | run_coroutine_job:25 | Run time of job "PriceUpdater.update_price (trigger: cron[hour='18', minute='0'], next run at: 2026-04-17 18:00:00 MSK)" was missed by 5:44:40.428708
2026-04-16 23:44:40 | WARNING  | apscheduler.executors.default | run_coroutine_job:25 | Run time of job "PriceUpdater.update_price (trigger: cron[hour='19', minute='30'], next run at: 2026-04-17 19:30:00 MSK)" was missed by 4:14:40.429139
2026-04-17 22:29:14 | WARNING  | apscheduler.executors.default | run_coroutine_job:25 | Run time of job "PriceUpdater.update_price (trigger: cron[hour='11', minute='30'], next run at: 2026-04-18 11:30:00 MSK)" was missed by 10:59:14.471583
2026-04-17 22:29:14 | WARNING  | apscheduler.executors.default | run_coroutine_job:25 | Run time of job "PriceUpdater.update_price (trigger: cron[hour='12', minute='0'], next run at: 2026-04-18 12:00:00 MSK)" was missed by 10:29:14.485091
2026-04-17 22:29:14 | WARNING  | apscheduler.executors.default | run_coroutine_job:25 | Run time of job "PriceUpdater.update_price (trigger: cron[hour='13', minute='0'], next run at: 2026-04-18 13:00:00 MSK)" was missed by 9:29:14.486197
2026-04-17 22:29:14 | WARNING  | apscheduler.executors.default | run_coroutine_job:25 | Run time of job "PriceUpdater.update_price (trigger: cron[hour='14', minute='0'], next run at: 2026-04-18 14:00:00 MSK)" was missed by 8:29:14.486854
2026-04-17 22:29:14 | WARNING  | apscheduler.executors.default | run_coroutine_job:25 | Run time of job "PriceUpdater.update_price (trigger: cron[hour='15', minute='0'], next run at: 2026-04-18 15:00:00 MSK)" was missed by 7:29:14.487899
2026-04-17 22:29:14 | WARNING  | apscheduler.executors.default | run_coroutine_job:25 | Run time of job "PriceUpdater.update_price (trigger: cron[hour='16', minute='0'], next run at: 2026-04-18 16:00:00 MSK)" was missed by 6:29:14.488975
2026-04-17 22:29:14 | WARNING  | apscheduler.executors.default | run_coroutine_job:25 | Run time of job "PriceUpdater.update_price (trigger: cron[hour='17', minute='0'], next run at: 2026-04-18 17:00:00 MSK)" was missed by 5:29:14.489680
2026-04-17 22:29:14 | WARNING  | apscheduler.executors.default | run_coroutine_job:25 | Run time of job "PriceUpdater.update_price (trigger: cron[hour='18', minute='0'], next run at: 2026-04-18 18:00:00 MSK)" was missed by 4:29:14.490349
2026-04-17 22:29:14 | WARNING  | apscheduler.executors.default | run_coroutine_job:25 | Run time of job "PriceUpdater.update_price (trigger: cron[hour='19', minute='30'], next run at: 2026-04-18 19:30:00 MSK)" was missed by 2:59:14.491004
