2026-04-15 12:02:46 | INFO     | apscheduler.scheduler | add_job:454 | Adding job tentatively -- it will be properly scheduled when the scheduler starts
2026-04-15 12:02:46 | INFO     | apscheduler.scheduler | add_job:454 | Adding job tentatively -- it will be properly scheduled when the scheduler starts
2026-04-15 12:02:46 | INFO     | apscheduler.scheduler | add_job:454 | Adding job tentatively -- it will be properly scheduled when the scheduler starts
2026-04-15 12:02:46 | INFO     | apscheduler.scheduler | add_job:454 | Adding job tentatively -- it will be properly scheduled when the scheduler starts
2026-04-15 12:02:46 | INFO     | apscheduler.scheduler | add_job:454 | Adding job tentatively -- it will be properly scheduled when the scheduler starts
2026-04-15 12:02:46 | INFO     | apscheduler.scheduler | add_job:454 | Adding job tentatively -- it will be properly scheduled when the scheduler starts
2026-04-15 12:02:46 | INFO     | apscheduler.scheduler | add_job:454 | Adding job tentatively -- it will be properly scheduled when the scheduler starts
2026-04-15 12:02:46 | INFO     | apscheduler.scheduler | add_job:454 | Adding job tentatively -- it will be properly scheduled when the scheduler starts
2026-04-15 12:02:46 | INFO     | apscheduler.scheduler | add_job:454 | Adding job tentatively -- it will be properly scheduled when the scheduler starts
2026-04-15 12:02:46 | INFO     | apscheduler.scheduler | _real_add_job:895 | Added job "PriceUpdater.update_price" to job store "default"
2026-04-15 12:02:46 | INFO     | apscheduler.scheduler | _real_add_job:895 | Added job "PriceUpdater.update_price" to job store "default"
2026-04-15 12:02:46 | INFO     | apscheduler.scheduler | _real_add_job:895 | Added job "PriceUpdater.update_price" to job store "default"
2026-04-15 12:02:46 | INFO     | apscheduler.scheduler | _real_add_job:895 | Added job "PriceUpdater.update_price" to job store "default"
2026-04-15 12:02:46 | INFO     | apscheduler.scheduler | _real_add_job:895 | Added job "PriceUpdater.update_price" to job store "default"
2026-04-15 12:02:46 | INFO     | apscheduler.scheduler | _real_add_job:895 | Added job "PriceUpdater.update_price" to job store "default"
2026-04-15 12:02:46 | INFO     | apscheduler.scheduler | _real_add_job:895 | Added job "PriceUpdater.update_price" to job store "default"
2026-04-15 12:02:46 | INFO     | apscheduler.scheduler | _real_add_job:895 | Added job "PriceUpdater.update_price" to job store "default"
2026-04-15 12:02:46 | INFO     | apscheduler.scheduler | _real_add_job:895 | Added job "PriceUpdater.update_price" to job store "default"
2026-04-15 12:02:46 | INFO     | apscheduler.scheduler | start:181 | Scheduler started
2026-04-15 13:00:00 | INFO     | apscheduler.executors.default | run_coroutine_job:28 | Running job "PriceUpdater.update_price (trigger: cron[hour='13', minute='0'], next run at: 2026-04-16 13:00:00 MSK)" (scheduled at 2026-04-15 13:00:00+03:00)
2026-04-15 13:00:01 | INFO     | apscheduler.executors.default | run_coroutine_job:41 | Job "PriceUpdater.update_price (trigger: cron[hour='13', minute='0'], next run at: 2026-04-16 13:00:00 MSK)" executed successfully
2026-04-15 14:00:00 | INFO     | apscheduler.executors.default | run_coroutine_job:28 | Running job "PriceUpdater.update_price (trigger: cron[hour='14', minute='0'], next run at: 2026-04-16 14:00:00 MSK)" (scheduled at 2026-04-15 14:00:00+03:00)
2026-04-15 14:00:01 | INFO     | apscheduler.executors.default | run_coroutine_job:41 | Job "PriceUpdater.update_price (trigger: cron[hour='14', minute='0'], next run at: 2026-04-16 14:00:00 MSK)" executed successfully
2026-04-15 15:56:08 | WARNING  | apscheduler.executors.default | run_coroutine_job:25 | Run time of job "PriceUpdater.update_price (trigger: cron[hour='15', minute='0'], next run at: 2026-04-16 15:00:00 MSK)" was missed by 0:56:08.054305
2026-04-15 16:00:00 | INFO     | apscheduler.executors.default | run_coroutine_job:28 | Running job "PriceUpdater.update_price (trigger: cron[hour='16', minute='0'], next run at: 2026-04-16 16:00:00 MSK)" (scheduled at 2026-04-15 16:00:00+03:00)
2026-04-15 16:00:01 | INFO     | apscheduler.executors.default | run_coroutine_job:41 | Job "PriceUpdater.update_price (trigger: cron[hour='16', minute='0'], next run at: 2026-04-16 16:00:00 MSK)" executed successfully
2026-04-15 17:02:16 | WARNING  | apscheduler.executors.default | run_coroutine_job:25 | Run time of job "PriceUpdater.update_price (trigger: cron[hour='17', minute='0'], next run at: 2026-04-16 17:00:00 MSK)" was missed by 0:02:16.905978
2026-04-15 18:00:00 | INFO     | apscheduler.executors.default | run_coroutine_job:28 | Running job "PriceUpdater.update_price (trigger: cron[hour='18', minute='0'], next run at: 2026-04-16 18:00:00 MSK)" (scheduled at 2026-04-15 18:00:00+03:00)
2026-04-15 18:00:00 | INFO     | apscheduler.executors.default | run_coroutine_job:41 | Job "PriceUpdater.update_price (trigger: cron[hour='18', minute='0'], next run at: 2026-04-16 18:00:00 MSK)" executed successfully
2026-04-15 19:30:00 | INFO     | apscheduler.executors.default | run_coroutine_job:28 | Running job "PriceUpdater.update_price (trigger: cron[hour='19', minute='30'], next run at: 2026-04-16 19:30:00 MSK)" (scheduled at 2026-04-15 19:30:00+03:00)
2026-04-15 19:30:01 | INFO     | apscheduler.executors.default | run_coroutine_job:41 | Job "PriceUpdater.update_price (trigger: cron[hour='19', minute='30'], next run at: 2026-04-16 19:30:00 MSK)" executed successfully
2026-04-16 23:44:40 | WARNING  | apscheduler.executors.default | run_coroutine_job:25 | Run time of job "PriceUpdater.update_price (trigger: cron[hour='11', minute='30'], next run at: 2026-04-17 11:30:00 MSK)" was missed by 12:14:40.416019
2026-04-16 23:44:40 | WARNING  | apscheduler.executors.default | run_coroutine_job:25 | Run time of job "PriceUpdater.update_price (trigger: cron[hour='12', minute='0'], next run at: 2026-04-17 12:00:00 MSK)" was missed by 11:44:40.426275
2026-04-16 23:44:40 | WARNING  | apscheduler.executors.default | run_coroutine_job:25 | Run time of job "PriceUpdater.update_price (trigger: cron[hour='13', minute='0'], next run at: 2026-04-17 13:00:00 MSK)" was missed by 10:44:40.426591
2026-04-16 23:44:40 | WARNING  | apscheduler.executors.default | run_coroutine_job:25 | Run time of job "PriceUpdater.update_price (trigger: cron[hour='14', minute='0'], next run at: 2026-04-17 14:00:00 MSK)" was missed by 9:44:40.427199
2026-04-16 23:44:40 | WARNING  | apscheduler.executors.default | run_coroutine_job:25 | Run time of job "PriceUpdater.update_price (trigger: cron[hour='15', minute='0'], next run at: 2026-04-17 15:00:00 MSK)" was missed by 8:44:40.427460
2026-04-16 23:44:40 | WARNING  | apscheduler.executors.default | run_coroutine_job:25 | Run time of job "PriceUpdater.update_price (trigger: cron[hour='16', minute='0'], next run at: 2026-04-17 16:00:00 MSK)" was missed by 7:44:40.428010
2026-04-16 23:44:40 | WARNING  | apscheduler.executors.default | run_coroutine_job:25 | Run time of job "PriceUpdater.update_price (trigger: cron[hour='17', minute='0'], next run at: 2026-04-17 17:00:00 MSK)" was missed by 6:44:40.428519
2026-04-16 23:44:40 | WARNING  | apscheduler.executors.default | run_coroutine_job:25 | Run time of job "PriceUpdater.update_price (trigger: cron[hour='18', minute='0'], next run at: 2026-04-17 18:00:00 MSK)" was missed by 5:44:40.428708
2026-04-16 23:44:40 | WARNING  | apscheduler.executors.default | run_coroutine_job:25 | Run time of job "PriceUpdater.update_price (trigger: cron[hour='19', minute='30'], next run at: 2026-04-17 19:30:00 MSK)" was missed by 4:14:40.429139
2026-04-17 22:29:14 | WARNING  | apscheduler.executors.default | run_coroutine_job:25 | Run time of job "PriceUpdater.update_price (trigger: cron[hour='11', minute='30'], next run at: 2026-04-18 11:30:00 MSK)" was missed by 10:59:14.471583
2026-04-17 22:29:14 | WARNING  | apscheduler.executors.default | run_coroutine_job:25 | Run time of job "PriceUpdater.update_price (trigger: cron[hour='12', minute='0'], next run at: 2026-04-18 12:00:00 MSK)" was missed by 10:29:14.485091
2026-04-17 22:29:14 | WARNING  | apscheduler.executors.default | run_coroutine_job:25 | Run time of job "PriceUpdater.update_price (trigger: cron[hour='13', minute='0'], next run at: 2026-04-18 13:00:00 MSK)" was missed by 9:29:14.486197
2026-04-17 22:29:14 | WARNING  | apscheduler.executors.default | run_coroutine_job:25 | Run time of job "PriceUpdater.update_price (trigger: cron[hour='14', minute='0'], next run at: 2026-04-18 14:00:00 MSK)" was missed by 8:29:14.486854
2026-04-17 22:29:14 | WARNING  | apscheduler.executors.default | run_coroutine_job:25 | Run time of job "PriceUpdater.update_price (trigger: cron[hour='15', minute='0'], next run at: 2026-04-18 15:00:00 MSK)" was missed by 7:29:14.487899
2026-04-17 22:29:14 | WARNING  | apscheduler.executors.default | run_coroutine_job:25 | Run time of job "PriceUpdater.update_price (trigger: cron[hour='16', minute='0'], next run at: 2026-04-18 16:00:00 MSK)" was missed by 6:29:14.488975
2026-04-17 22:29:14 | WARNING  | apscheduler.executors.default | run_coroutine_job:25 | Run time of job "PriceUpdater.update_price (trigger: cron[hour='17', minute='0'], next run at: 2026-04-18 17:00:00 MSK)" was missed by 5:29:14.489680
2026-04-17 22:29:14 | WARNING  | apscheduler.executors.default | run_coroutine_job:25 | Run time of job "PriceUpdater.update_price (trigger: cron[hour='18', minute='0'], next run at: 2026-04-18 18:00:00 MSK)" was missed by 4:29:14.490349
2026-04-17 22:29:14 | WARNING  | apscheduler.executors.default | run_coroutine_job:25 | Run time of job "PriceUpdater.update_price (trigger: cron[hour='19', minute='30'], next run at: 2026-04-18 19:30:00 MSK)" was missed by 2:59:14.491004
